#
# A fatal error has been detected by the Java Runtime Environment:
#
#  SIGSEGV (0xb) at pc=0x0000000108e59181, pid=26853, tid=33283
#
# JRE version: Java(TM) SE Runtime Environment (11.0.4+10) (build 11.0.4+10-LTS)
# Java VM: Java HotSpot(TM) 64-Bit Server VM (11.0.4+10-LTS, mixed mode, tiered, compressed oops, g1 gc, bsd-amd64)
# Problematic frame:
# V  [libjvm.dylib+0x659181]  ResolvedMethodTable::add_method(Handle)+0x65
#
# No core dump will be written. Core dumps have been disabled. To enable core dumping, try "ulimit -c unlimited" before starting Java again
#
# If you would like to submit a bug report, please visit:
#   http://bugreport.java.com/bugreport/crash.jsp
#

---------------  S U M M A R Y ------------

Command Line: -agentlib:jdwp=transport=dt_socket,address=127.0.0.1:59466,suspend=y,server=n -XX:TieredStopAtLevel=1 -Xverify:none -Dspring.output.ansi.enabled=always -Dcom.sun.management.jmxremote -Dspring.jmx.enabled=true -Dspring.liveBeansView.mbeanDomain -Dspring.application.admin.enabled=true -javaagent:/Users/macbook/Library/Caches/IntelliJIdea2019.3/captureAgent/debugger-agent.jar -Dfile.encoding=UTF-8 com.exchange.crawler.ExchangeCrawlerApplication

Host: MacBookPro12,1 x86_64 2700 MHz, 4 cores, 8G, Darwin 19.4.0
Time: Mon Apr 27 01:22:55 2020 +03 elapsed time: 343 seconds (0d 0h 5m 43s)

---------------  T H R E A D  ---------------

Current thread (0x00007fcac9b12000):  JavaThread "http-nio-8080-exec-1" daemon [_thread_in_vm, id=33283, stack(0x000070000eefe000,0x000070000effe000)]

Stack: [0x000070000eefe000,0x000070000effe000],  sp=0x000070000eff93c0,  free space=1004k
Native frames: (J=compiled Java code, A=aot compiled Java code, j=interpreted, Vv=VM code, C=native code)
V  [libjvm.dylib+0x659181]  ResolvedMethodTable::add_method(Handle)+0x65
V  [libjvm.dylib+0x4f2c4c]  CallInfo::set_resolved_method_name(Thread*)+0x5a
V  [libjvm.dylib+0x4f2b51]  CallInfo::CallInfo(Method*, Klass*, Thread*)+0x1ab
V  [libjvm.dylib+0x3a3962]  java_lang_StackFrameInfo::set_method_and_bci(Handle, methodHandle const&, int, Thread*)+0x7a
V  [libjvm.dylib+0x689f18]  StackWalk::fill_in_frames(long, BaseFrameStream&, int, int, objArrayHandle, int&, Thread*)+0x310
V  [libjvm.dylib+0x68ae6a]  StackWalk::fetchNextBatch(Handle, long, long, int, int, objArrayHandle, Thread*)+0xd8
V  [libjvm.dylib+0x414658]  JVM_MoreStackWalk+0x198
j  java.lang.StackStreamFactory$AbstractStackWalker.fetchStackFrames(JJII[Ljava/lang/Object;)I+0 java.base@11.0.4
j  java.lang.StackStreamFactory$AbstractStackWalker.fetchStackFrames(I)I+35 java.base@11.0.4
j  java.lang.StackStreamFactory$AbstractStackWalker.getNextBatch()I+61 java.base@11.0.4
J 5612 c1 java.lang.StackStreamFactory$AbstractStackWalker.peekFrame()Ljava/lang/Class; java.base@11.0.4 (132 bytes) @ 0x0000000117014564 [0x00000001170143a0+0x00000000000001c4]
J 5784 c1 java.lang.StackStreamFactory$StackFrameTraverser.tryAdvance(Ljava/util/function/Consumer;)Z java.base@11.0.4 (114 bytes) @ 0x000000011705c4f4 [0x000000011705c480+0x0000000000000074]
J 5607 c1 java.util.Spliterators$1Adapter.hasNext()Z java.base@11.0.4 (23 bytes) @ 0x0000000117012c1c [0x0000000117012bc0+0x000000000000005c]
J 6297 c1 reactor.core.publisher.Traces$StackWalkerCallSiteSupplierFactory.lambda$get$0(Ljava/util/stream/Stream;)[Ljava/lang/StackWalker$StackFrame; (98 bytes) @ 0x00000001171064d4 [0x00000001171063c0+0x0000000000000114]
J 6456 c1 reactor.core.publisher.Traces$StackWalkerCallSiteSupplierFactory$$Lambda$817.apply(Ljava/lang/Object;)Ljava/lang/Object; (8 bytes) @ 0x000000011713f654 [0x000000011713f5c0+0x0000000000000094]
J 6455 c1 java.lang.StackStreamFactory$StackFrameTraverser.consumeFrames()Ljava/lang/Object; java.base@11.0.4 (39 bytes) @ 0x000000011713f02c [0x000000011713ef00+0x000000000000012c]
J 6453 c1 java.lang.StackStreamFactory$AbstractStackWalker.doStackWalk(JIIII)Ljava/lang/Object; java.base@11.0.4 (82 bytes) @ 0x000000011713e0cc [0x000000011713e000+0x00000000000000cc]
v  ~StubRoutines::call_stub
V  [libjvm.dylib+0x39d582]  JavaCalls::call_helper(JavaValue*, methodHandle const&, JavaCallArguments*, Thread*)+0x21a
V  [libjvm.dylib+0x68acac]  StackWalk::fetchFirstBatch(BaseFrameStream&, Handle, long, int, int, int, objArrayHandle, Thread*)+0x38a
V  [libjvm.dylib+0x68a8fc]  StackWalk::walk(Handle, long, int, int, int, objArrayHandle, Thread*)+0x114
V  [libjvm.dylib+0x4144a2]  JVM_CallStackWalk+0x233
J 6452  java.lang.StackStreamFactory$AbstractStackWalker.callStackWalk(JIII[Ljava/lang/Object;)Ljava/lang/Object; java.base@11.0.4 (0 bytes) @ 0x000000011713b520 [0x000000011713b440+0x00000000000000e0]
J 6449 c1 java.lang.StackStreamFactory$AbstractStackWalker.beginStackWalk()Ljava/lang/Object; java.base@11.0.4 (35 bytes) @ 0x000000011713ce0c [0x000000011713cd60+0x00000000000000ac]
J 6196 c1 reactor.core.publisher.Traces$StackWalkerCallSiteSupplierFactory.get()Ljava/util/function/Supplier; (46 bytes) @ 0x00000001170d8184 [0x00000001170d7fc0+0x00000000000001c4]
J 6195 c1 reactor.core.publisher.Traces$StackWalkerCallSiteSupplierFactory.get()Ljava/lang/Object; (5 bytes) @ 0x00000001170d7bfc [0x00000001170d7bc0+0x000000000000003c]
J 6319 c1 reactor.core.publisher.Mono.onAssembly(Lreactor/core/publisher/Mono;)Lreactor/core/publisher/Mono; (56 bytes) @ 0x000000011710daac [0x000000011710d980+0x000000000000012c]
j  reactor.core.publisher.Mono.delay(Ljava/time/Duration;Lreactor/core/scheduler/Scheduler;)Lreactor/core/publisher/Mono;+15
j  reactor.core.publisher.Mono.delaySubscription(Ljava/time/Duration;Lreactor/core/scheduler/Scheduler;)Lreactor/core/publisher/Mono;+3
j  reactor.core.publisher.Mono.delaySubscription(Ljava/time/Duration;)Lreactor/core/publisher/Mono;+5
j  com.exchange.crawler.controller.ExchangeRecordController.crawl_step1(I)Z+44
j  com.exchange.crawler.controller.ExchangeRecordController.crawlCompanies(I)Lreactor/core/publisher/Mono;+46
v  ~StubRoutines::call_stub
V  [libjvm.dylib+0x39d582]  JavaCalls::call_helper(JavaValue*, methodHandle const&, JavaCallArguments*, Thread*)+0x21a
V  [libjvm.dylib+0x64e727]  invoke(InstanceKlass*, methodHandle const&, Handle, bool, objArrayHandle, BasicType, objArrayHandle, bool, Thread*)+0x4e6
V  [libjvm.dylib+0x64e1f7]  Reflection::invoke_method(oopDesc*, Handle, objArrayHandle, Thread*)+0xf5
V  [libjvm.dylib+0x424321]  JVM_InvokeMethod+0x20a
J 2861  jdk.internal.reflect.NativeMethodAccessorImpl.invoke0(Ljava/lang/reflect/Method;Ljava/lang/Object;[Ljava/lang/Object;)Ljava/lang/Object; java.base@11.0.4 (0 bytes) @ 0x0000000116ace1c0 [0x0000000116ace0c0+0x0000000000000100]
J 2860 c1 jdk.internal.reflect.NativeMethodAccessorImpl.invoke(Ljava/lang/Object;[Ljava/lang/Object;)Ljava/lang/Object; java.base@11.0.4 (104 bytes) @ 0x0000000116ace9e4 [0x0000000116ace5c0+0x0000000000000424]
J 2375 c1 jdk.internal.reflect.DelegatingMethodAccessorImpl.invoke(Ljava/lang/Object;[Ljava/lang/Object;)Ljava/lang/Object; java.base@11.0.4 (10 bytes) @ 0x00000001169eb024 [0x00000001169eafc0+0x0000000000000064]
J 2393 c1 java.lang.reflect.Method.invoke(Ljava/lang/Object;[Ljava/lang/Object;)Ljava/lang/Object; java.base@11.0.4 (65 bytes) @ 0x00000001169ee184 [0x00000001169ee060+0x0000000000000124]
j  org.springframework.web.method.support.InvocableHandlerMethod.doInvoke([Ljava/lang/Object;)Ljava/lang/Object;+16
j  org.springframework.web.method.support.InvocableHandlerMethod.invokeForRequest(Lorg/springframework/web/context/request/NativeWebRequest;Lorg/springframework/web/method/support/ModelAndViewContainer;[Ljava/lang/Object;)Ljava/lang/Object;+56
j  org.springframework.web.servlet.mvc.method.annotation.ServletInvocableHandlerMethod.invokeAndHandle(Lorg/springframework/web/context/request/ServletWebRequest;Lorg/springframework/web/method/support/ModelAndViewContainer;[Ljava/lang/Object;)V+4
j  org.springframework.web.servlet.mvc.method.annotation.RequestMappingHandlerAdapter.invokeHandlerMethod(Ljavax/servlet/http/HttpServletRequest;Ljavax/servlet/http/HttpServletResponse;Lorg/springframework/web/method/HandlerMethod;)Lorg/springframework/web/servlet/ModelAndView;+244
j  org.springframework.web.servlet.mvc.method.annotation.RequestMappingHandlerAdapter.handleInternal(Ljavax/servlet/http/HttpServletRequest;Ljavax/servlet/http/HttpServletResponse;Lorg/springframework/web/method/HandlerMethod;)Lorg/springframework/web/servlet/ModelAndView;+81
j  org.springframework.web.servlet.mvc.method.AbstractHandlerMethodAdapter.handle(Ljavax/servlet/http/HttpServletRequest;Ljavax/servlet/http/HttpServletResponse;Ljava/lang/Object;)Lorg/springframework/web/servlet/ModelAndView;+7
j  org.springframework.web.servlet.DispatcherServlet.doDispatch(Ljavax/servlet/http/HttpServletRequest;Ljavax/servlet/http/HttpServletResponse;)V+257
j  org.springframework.web.servlet.DispatcherServlet.doService(Ljavax/servlet/http/HttpServletRequest;Ljavax/servlet/http/HttpServletResponse;)V+212
j  org.springframework.web.servlet.FrameworkServlet.processRequest(Ljavax/servlet/http/HttpServletRequest;Ljavax/servlet/http/HttpServletResponse;)V+71
j  org.springframework.web.servlet.FrameworkServlet.doPost(Ljavax/servlet/http/HttpServletRequest;Ljavax/servlet/http/HttpServletResponse;)V+3
j  javax.servlet.http.HttpServlet.service(Ljavax/servlet/http/HttpServletRequest;Ljavax/servlet/http/HttpServletResponse;)V+149
j  org.springframework.web.servlet.FrameworkServlet.service(Ljavax/servlet/http/HttpServletRequest;Ljavax/servlet/http/HttpServletResponse;)V+33
j  javax.servlet.http.HttpServlet.service(Ljavax/servlet/ServletRequest;Ljavax/servlet/ServletResponse;)V+36
j  org.apache.catalina.core.ApplicationFilterChain.internalDoFilter(Ljavax/servlet/ServletRequest;Ljavax/servlet/ServletResponse;)V+304
j  org.apache.catalina.core.ApplicationFilterChain.doFilter(Ljavax/servlet/ServletRequest;Ljavax/servlet/ServletResponse;)V+101
j  org.apache.tomcat.websocket.server.WsFilter.doFilter(Ljavax/servlet/ServletRequest;Ljavax/servlet/ServletResponse;Ljavax/servlet/FilterChain;)V+21
j  org.apache.catalina.core.ApplicationFilterChain.internalDoFilter(Ljavax/servlet/ServletRequest;Ljavax/servlet/ServletResponse;)V+135
j  org.apache.catalina.core.ApplicationFilterChain.doFilter(Ljavax/servlet/ServletRequest;Ljavax/servlet/ServletResponse;)V+101
j  org.springframework.web.filter.RequestContextFilter.doFilterInternal(Ljavax/servlet/http/HttpServletRequest;Ljavax/servlet/http/HttpServletResponse;Ljavax/servlet/FilterChain;)V+21
j  org.springframework.web.filter.OncePerRequestFilter.doFilter(Ljavax/servlet/ServletRequest;Ljavax/servlet/ServletResponse;Ljavax/servlet/FilterChain;)V+147
j  org.apache.catalina.core.ApplicationFilterChain.internalDoFilter(Ljavax/servlet/ServletRequest;Ljavax/servlet/ServletResponse;)V+135
j  org.apache.catalina.core.ApplicationFilterChain.doFilter(Ljavax/servlet/ServletRequest;Ljavax/servlet/ServletResponse;)V+101
j  org.springframework.web.filter.FormContentFilter.doFilterInternal(Ljavax/servlet/http/HttpServletRequest;Ljavax/servlet/http/HttpServletResponse;Ljavax/servlet/FilterChain;)V+38
j  org.springframework.web.filter.OncePerRequestFilter.doFilter(Ljavax/servlet/ServletRequest;Ljavax/servlet/ServletResponse;Ljavax/servlet/FilterChain;)V+147
j  org.apache.catalina.core.ApplicationFilterChain.internalDoFilter(Ljavax/servlet/ServletRequest;Ljavax/servlet/ServletResponse;)V+135
j  org.apache.catalina.core.ApplicationFilterChain.doFilter(Ljavax/servlet/ServletRequest;Ljavax/servlet/ServletResponse;)V+101
j  org.springframework.web.filter.CharacterEncodingFilter.doFilterInternal(Ljavax/servlet/http/HttpServletRequest;Ljavax/servlet/http/HttpServletResponse;Ljavax/servlet/FilterChain;)V+53
j  org.springframework.web.filter.OncePerRequestFilter.doFilter(Ljavax/servlet/ServletRequest;Ljavax/servlet/ServletResponse;Ljavax/servlet/FilterChain;)V+147
j  org.apache.catalina.core.ApplicationFilterChain.internalDoFilter(Ljavax/servlet/ServletRequest;Ljavax/servlet/ServletResponse;)V+135
j  org.apache.catalina.core.ApplicationFilterChain.doFilter(Ljavax/servlet/ServletRequest;Ljavax/servlet/ServletResponse;)V+101
j  org.apache.catalina.core.StandardWrapperValve.invoke(Lorg/apache/catalina/connector/Request;Lorg/apache/catalina/connector/Response;)V+694
j  org.apache.catalina.core.StandardContextValve.invoke(Lorg/apache/catalina/connector/Request;Lorg/apache/catalina/connector/Response;)V+166
j  org.apache.catalina.authenticator.AuthenticatorBase.invoke(Lorg/apache/catalina/connector/Request;Lorg/apache/catalina/connector/Response;)V+260
j  org.apache.catalina.core.StandardHostValve.invoke(Lorg/apache/catalina/connector/Request;Lorg/apache/catalina/connector/Response;)V+114
j  org.apache.catalina.valves.ErrorReportValve.invoke(Lorg/apache/catalina/connector/Request;Lorg/apache/catalina/connector/Response;)V+6
j  org.apache.catalina.core.StandardEngineValve.invoke(Lorg/apache/catalina/connector/Request;Lorg/apache/catalina/connector/Response;)V+45
j  org.apache.catalina.connector.CoyoteAdapter.service(Lorg/apache/coyote/Request;Lorg/apache/coyote/Response;)V+199
j  org.apache.coyote.http11.Http11Processor.service(Lorg/apache/tomcat/util/net/SocketWrapperBase;)Lorg/apache/tomcat/util/net/AbstractEndpoint$Handler$SocketState;+735
j  org.apache.coyote.AbstractProcessorLight.process(Lorg/apache/tomcat/util/net/SocketWrapperBase;Lorg/apache/tomcat/util/net/SocketEvent;)Lorg/apache/tomcat/util/net/AbstractEndpoint$Handler$SocketState;+170
j  org.apache.coyote.AbstractProtocol$ConnectionHandler.process(Lorg/apache/tomcat/util/net/SocketWrapperBase;Lorg/apache/tomcat/util/net/SocketEvent;)Lorg/apache/tomcat/util/net/AbstractEndpoint$Handler$SocketState;+505
j  org.apache.tomcat.util.net.NioEndpoint$SocketProcessor.doRun()V+221
j  org.apache.tomcat.util.net.SocketProcessorBase.run()V+21
j  java.util.concurrent.ThreadPoolExecutor.runWorker(Ljava/util/concurrent/ThreadPoolExecutor$Worker;)V+92 java.base@11.0.4
j  java.util.concurrent.ThreadPoolExecutor$Worker.run()V+5 java.base@11.0.4
j  org.apache.tomcat.util.threads.TaskThread$WrappingRunnable.run()V+4
j  java.lang.Thread.run()V+11 java.base@11.0.4
v  ~StubRoutines::call_stub
V  [libjvm.dylib+0x39d582]  JavaCalls::call_helper(JavaValue*, methodHandle const&, JavaCallArguments*, Thread*)+0x21a
V  [libjvm.dylib+0x39c9cc]  JavaCalls::call_virtual(JavaValue*, Klass*, Symbol*, Symbol*, JavaCallArguments*, Thread*)+0xee
V  [libjvm.dylib+0x39ca88]  JavaCalls::call_virtual(JavaValue*, Handle, Klass*, Symbol*, Symbol*, Thread*)+0x62
V  [libjvm.dylib+0x4207cc]  thread_entry(JavaThread*, Thread*)+0x78
V  [libjvm.dylib+0x6ef046]  JavaThread::thread_main_inner()+0x82
V  [libjvm.dylib+0x6eee91]  JavaThread::run()+0x1ab
V  [libjvm.dylib+0x5f1fff]  thread_native_entry(Thread*)+0x135
C  [libsystem_pthread.dylib+0x6109]  _pthread_start+0x94
C  [libsystem_pthread.dylib+0x1b8b]  thread_start+0xf

Java frames: (J=compiled Java code, j=interpreted, Vv=VM code)
j  java.lang.StackStreamFactory$AbstractStackWalker.fetchStackFrames(JJII[Ljava/lang/Object;)I+0 java.base@11.0.4
j  java.lang.StackStreamFactory$AbstractStackWalker.fetchStackFrames(I)I+35 java.base@11.0.4
j  java.lang.StackStreamFactory$AbstractStackWalker.getNextBatch()I+61 java.base@11.0.4
J 5612 c1 java.lang.StackStreamFactory$AbstractStackWalker.peekFrame()Ljava/lang/Class; java.base@11.0.4 (132 bytes) @ 0x0000000117014564 [0x00000001170143a0+0x00000000000001c4]
J 5784 c1 java.lang.StackStreamFactory$StackFrameTraverser.tryAdvance(Ljava/util/function/Consumer;)Z java.base@11.0.4 (114 bytes) @ 0x000000011705c4f4 [0x000000011705c480+0x0000000000000074]
J 5607 c1 java.util.Spliterators$1Adapter.hasNext()Z java.base@11.0.4 (23 bytes) @ 0x0000000117012c1c [0x0000000117012bc0+0x000000000000005c]
J 6297 c1 reactor.core.publisher.Traces$StackWalkerCallSiteSupplierFactory.lambda$get$0(Ljava/util/stream/Stream;)[Ljava/lang/StackWalker$StackFrame; (98 bytes) @ 0x00000001171064d4 [0x00000001171063c0+0x0000000000000114]
J 6456 c1 reactor.core.publisher.Traces$StackWalkerCallSiteSupplierFactory$$Lambda$817.apply(Ljava/lang/Object;)Ljava/lang/Object; (8 bytes) @ 0x000000011713f654 [0x000000011713f5c0+0x0000000000000094]
J 6455 c1 java.lang.StackStreamFactory$StackFrameTraverser.consumeFrames()Ljava/lang/Object; java.base@11.0.4 (39 bytes) @ 0x000000011713f02c [0x000000011713ef00+0x000000000000012c]
J 6453 c1 java.lang.StackStreamFactory$AbstractStackWalker.doStackWalk(JIIII)Ljava/lang/Object; java.base@11.0.4 (82 bytes) @ 0x000000011713e0cc [0x000000011713e000+0x00000000000000cc]
v  ~StubRoutines::call_stub
J 6452  java.lang.StackStreamFactory$AbstractStackWalker.callStackWalk(JIII[Ljava/lang/Object;)Ljava/lang/Object; java.base@11.0.4 (0 bytes) @ 0x000000011713b4a3 [0x000000011713b440+0x0000000000000063]
J 6449 c1 java.lang.StackStreamFactory$AbstractStackWalker.beginStackWalk()Ljava/lang/Object; java.base@11.0.4 (35 bytes) @ 0x000000011713ce0c [0x000000011713cd60+0x00000000000000ac]
J 6196 c1 reactor.core.publisher.Traces$StackWalkerCallSiteSupplierFactory.get()Ljava/util/function/Supplier; (46 bytes) @ 0x00000001170d8184 [0x00000001170d7fc0+0x00000000000001c4]
J 6195 c1 reactor.core.publisher.Traces$StackWalkerCallSiteSupplierFactory.get()Ljava/lang/Object; (5 bytes) @ 0x00000001170d7bfc [0x00000001170d7bc0+0x000000000000003c]
J 6319 c1 reactor.core.publisher.Mono.onAssembly(Lreactor/core/publisher/Mono;)Lreactor/core/publisher/Mono; (56 bytes) @ 0x000000011710daac [0x000000011710d980+0x000000000000012c]
j  reactor.core.publisher.Mono.delay(Ljava/time/Duration;Lreactor/core/scheduler/Scheduler;)Lreactor/core/publisher/Mono;+15
j  reactor.core.publisher.Mono.delaySubscription(Ljava/time/Duration;Lreactor/core/scheduler/Scheduler;)Lreactor/core/publisher/Mono;+3
j  reactor.core.publisher.Mono.delaySubscription(Ljava/time/Duration;)Lreactor/core/publisher/Mono;+5
j  com.exchange.crawler.controller.ExchangeRecordController.crawl_step1(I)Z+44
j  com.exchange.crawler.controller.ExchangeRecordController.crawlCompanies(I)Lreactor/core/publisher/Mono;+46
v  ~StubRoutines::call_stub
J 2861  jdk.internal.reflect.NativeMethodAccessorImpl.invoke0(Ljava/lang/reflect/Method;Ljava/lang/Object;[Ljava/lang/Object;)Ljava/lang/Object; java.base@11.0.4 (0 bytes) @ 0x0000000116ace147 [0x0000000116ace0c0+0x0000000000000087]
J 2860 c1 jdk.internal.reflect.NativeMethodAccessorImpl.invoke(Ljava/lang/Object;[Ljava/lang/Object;)Ljava/lang/Object; java.base@11.0.4 (104 bytes) @ 0x0000000116ace9e4 [0x0000000116ace5c0+0x0000000000000424]
J 2375 c1 jdk.internal.reflect.DelegatingMethodAccessorImpl.invoke(Ljava/lang/Object;[Ljava/lang/Object;)Ljava/lang/Object; java.base@11.0.4 (10 bytes) @ 0x00000001169eb024 [0x00000001169eafc0+0x0000000000000064]
J 2393 c1 java.lang.reflect.Method.invoke(Ljava/lang/Object;[Ljava/lang/Object;)Ljava/lang/Object; java.base@11.0.4 (65 bytes) @ 0x00000001169ee184 [0x00000001169ee060+0x0000000000000124]
j  org.springframework.web.method.support.InvocableHandlerMethod.doInvoke([Ljava/lang/Object;)Ljava/lang/Object;+16
j  org.springframework.web.method.support.InvocableHandlerMethod.invokeForRequest(Lorg/springframework/web/context/request/NativeWebRequest;Lorg/springframework/web/method/support/ModelAndViewContainer;[Ljava/lang/Object;)Ljava/lang/Object;+56
j  org.springframework.web.servlet.mvc.method.annotation.ServletInvocableHandlerMethod.invokeAndHandle(Lorg/springframework/web/context/request/ServletWebRequest;Lorg/springframework/web/method/support/ModelAndViewContainer;[Ljava/lang/Object;)V+4
j  org.springframework.web.servlet.mvc.method.annotation.RequestMappingHandlerAdapter.invokeHandlerMethod(Ljavax/servlet/http/HttpServletRequest;Ljavax/servlet/http/HttpServletResponse;Lorg/springframework/web/method/HandlerMethod;)Lorg/springframework/web/servlet/ModelAndView;+244
j  org.springframework.web.servlet.mvc.method.annotation.RequestMappingHandlerAdapter.handleInternal(Ljavax/servlet/http/HttpServletRequest;Ljavax/servlet/http/HttpServletResponse;Lorg/springframework/web/method/HandlerMethod;)Lorg/springframework/web/servlet/ModelAndView;+81
j  org.springframework.web.servlet.mvc.method.AbstractHandlerMethodAdapter.handle(Ljavax/servlet/http/HttpServletRequest;Ljavax/servlet/http/HttpServletResponse;Ljava/lang/Object;)Lorg/springframework/web/servlet/ModelAndView;+7
j  org.springframework.web.servlet.DispatcherServlet.doDispatch(Ljavax/servlet/http/HttpServletRequest;Ljavax/servlet/http/HttpServletResponse;)V+257
j  org.springframework.web.servlet.DispatcherServlet.doService(Ljavax/servlet/http/HttpServletRequest;Ljavax/servlet/http/HttpServletResponse;)V+212
j  org.springframework.web.servlet.FrameworkServlet.processRequest(Ljavax/servlet/http/HttpServletRequest;Ljavax/servlet/http/HttpServletResponse;)V+71
j  org.springframework.web.servlet.FrameworkServlet.doPost(Ljavax/servlet/http/HttpServletRequest;Ljavax/servlet/http/HttpServletResponse;)V+3
j  javax.servlet.http.HttpServlet.service(Ljavax/servlet/http/HttpServletRequest;Ljavax/servlet/http/HttpServletResponse;)V+149
j  org.springframework.web.servlet.FrameworkServlet.service(Ljavax/servlet/http/HttpServletRequest;Ljavax/servlet/http/HttpServletResponse;)V+33
j  javax.servlet.http.HttpServlet.service(Ljavax/servlet/ServletRequest;Ljavax/servlet/ServletResponse;)V+36
j  org.apache.catalina.core.ApplicationFilterChain.internalDoFilter(Ljavax/servlet/ServletRequest;Ljavax/servlet/ServletResponse;)V+304
j  org.apache.catalina.core.ApplicationFilterChain.doFilter(Ljavax/servlet/ServletRequest;Ljavax/servlet/ServletResponse;)V+101
j  org.apache.tomcat.websocket.server.WsFilter.doFilter(Ljavax/servlet/ServletRequest;Ljavax/servlet/ServletResponse;Ljavax/servlet/FilterChain;)V+21
j  org.apache.catalina.core.ApplicationFilterChain.internalDoFilter(Ljavax/servlet/ServletRequest;Ljavax/servlet/ServletResponse;)V+135
j  org.apache.catalina.core.ApplicationFilterChain.doFilter(Ljavax/servlet/ServletRequest;Ljavax/servlet/ServletResponse;)V+101
j  org.springframework.web.filter.RequestContextFilter.doFilterInternal(Ljavax/servlet/http/HttpServletRequest;Ljavax/servlet/http/HttpServletResponse;Ljavax/servlet/FilterChain;)V+21
j  org.springframework.web.filter.OncePerRequestFilter.doFilter(Ljavax/servlet/ServletRequest;Ljavax/servlet/ServletResponse;Ljavax/servlet/FilterChain;)V+147
j  org.apache.catalina.core.ApplicationFilterChain.internalDoFilter(Ljavax/servlet/ServletRequest;Ljavax/servlet/ServletResponse;)V+135
j  org.apache.catalina.core.ApplicationFilterChain.doFilter(Ljavax/servlet/ServletRequest;Ljavax/servlet/ServletResponse;)V+101
j  org.springframework.web.filter.FormContentFilter.doFilterInternal(Ljavax/servlet/http/HttpServletRequest;Ljavax/servlet/http/HttpServletResponse;Ljavax/servlet/FilterChain;)V+38
j  org.springframework.web.filter.OncePerRequestFilter.doFilter(Ljavax/servlet/ServletRequest;Ljavax/servlet/ServletResponse;Ljavax/servlet/FilterChain;)V+147
j  org.apache.catalina.core.ApplicationFilterChain.internalDoFilter(Ljavax/servlet/ServletRequest;Ljavax/servlet/ServletResponse;)V+135
j  org.apache.catalina.core.ApplicationFilterChain.doFilter(Ljavax/servlet/ServletRequest;Ljavax/servlet/ServletResponse;)V+101
j  org.springframework.web.filter.CharacterEncodingFilter.doFilterInternal(Ljavax/servlet/http/HttpServletRequest;Ljavax/servlet/http/HttpServletResponse;Ljavax/servlet/FilterChain;)V+53
j  org.springframework.web.filter.OncePerRequestFilter.doFilter(Ljavax/servlet/ServletRequest;Ljavax/servlet/ServletResponse;Ljavax/servlet/FilterChain;)V+147
j  org.apache.catalina.core.ApplicationFilterChain.internalDoFilter(Ljavax/servlet/ServletRequest;Ljavax/servlet/ServletResponse;)V+135
j  org.apache.catalina.core.ApplicationFilterChain.doFilter(Ljavax/servlet/ServletRequest;Ljavax/servlet/ServletResponse;)V+101
j  org.apache.catalina.core.StandardWrapperValve.invoke(Lorg/apache/catalina/connector/Request;Lorg/apache/catalina/connector/Response;)V+694
j  org.apache.catalina.core.StandardContextValve.invoke(Lorg/apache/catalina/connector/Request;Lorg/apache/catalina/connector/Response;)V+166
j  org.apache.catalina.authenticator.AuthenticatorBase.invoke(Lorg/apache/catalina/connector/Request;Lorg/apache/catalina/connector/Response;)V+260
j  org.apache.catalina.core.StandardHostValve.invoke(Lorg/apache/catalina/connector/Request;Lorg/apache/catalina/connector/Response;)V+114
j  org.apache.catalina.valves.ErrorReportValve.invoke(Lorg/apache/catalina/connector/Request;Lorg/apache/catalina/connector/Response;)V+6
j  org.apache.catalina.core.StandardEngineValve.invoke(Lorg/apache/catalina/connector/Request;Lorg/apache/catalina/connector/Response;)V+45
j  org.apache.catalina.connector.CoyoteAdapter.service(Lorg/apache/coyote/Request;Lorg/apache/coyote/Response;)V+199
j  org.apache.coyote.http11.Http11Processor.service(Lorg/apache/tomcat/util/net/SocketWrapperBase;)Lorg/apache/tomcat/util/net/AbstractEndpoint$Handler$SocketState;+735
j  org.apache.coyote.AbstractProcessorLight.process(Lorg/apache/tomcat/util/net/SocketWrapperBase;Lorg/apache/tomcat/util/net/SocketEvent;)Lorg/apache/tomcat/util/net/AbstractEndpoint$Handler$SocketState;+170
j  org.apache.coyote.AbstractProtocol$ConnectionHandler.process(Lorg/apache/tomcat/util/net/SocketWrapperBase;Lorg/apache/tomcat/util/net/SocketEvent;)Lorg/apache/tomcat/util/net/AbstractEndpoint$Handler$SocketState;+505
j  org.apache.tomcat.util.net.NioEndpoint$SocketProcessor.doRun()V+221
j  org.apache.tomcat.util.net.SocketProcessorBase.run()V+21
j  java.util.concurrent.ThreadPoolExecutor.runWorker(Ljava/util/concurrent/ThreadPoolExecutor$Worker;)V+92 java.base@11.0.4
j  java.util.concurrent.ThreadPoolExecutor$Worker.run()V+5 java.base@11.0.4
j  org.apache.tomcat.util.threads.TaskThread$WrappingRunnable.run()V+4
j  java.lang.Thread.run()V+11 java.base@11.0.4
v  ~StubRoutines::call_stub

siginfo: si_signo: 11 (SIGSEGV), si_code: 1 (SEGV_MAPERR), si_addr: 0x0000000000000008

Register to memory mapping:

RAX=0x0000000000000010 is an unknown value
RBX=0x0 is NULL
RCX=0x0000000000000007 is an unknown value
RDX=0x0 is NULL
RSP=0x000070000eff93c0 is pointing into the stack for thread: 0x00007fcac9b12000
RBP=0x000070000eff93e0 is pointing into the stack for thread: 0x00007fcac9b12000
RSI=0x0000000000000010 is an unknown value
RDI=0x0000000789671888 is an oop: java.lang.invoke.ResolvedMethodName 
{0x0000000789671888} - klass: 'java/lang/invoke/ResolvedMethodName'
R8 =0x000000012e3222d8 is pointing into metadata
R9 =0x0000000000002800 is an unknown value
R10=0x000000012b6c4188 is pointing into metadata
R11=0x00007fcac8007fb8 points into unknown readable memory: ff ff ff ff ff ff ff ff
R12=0x00007fcac9b12000 is a thread
R13=0x0000000000000008 is an unknown value
R14=0x00007fcac7e0bac0 points into unknown readable memory: 01 00 00 00 00 00 00 00
R15=0x00007fcac8346038 points into unknown readable memory: 88 18 67 89 07 00 00 00


Registers:
RAX=0x0000000000000010, RBX=0x0000000000000000, RCX=0x0000000000000007, RDX=0x0000000000000000
RSP=0x000070000eff93c0, RBP=0x000070000eff93e0, RSI=0x0000000000000010, RDI=0x0000000789671888
R8 =0x000000012e3222d8, R9 =0x0000000000002800, R10=0x000000012b6c4188, R11=0x00007fcac8007fb8
R12=0x00007fcac9b12000, R13=0x0000000000000008, R14=0x00007fcac7e0bac0, R15=0x00007fcac8346038
RIP=0x0000000108e59181, EFLAGS=0x0000000000010202, ERR=0x0000000000000004
  TRAPNO=0x000000000000000e

Top of Stack: (sp=0x000070000eff93c0)
0x000070000eff93c0:   00007fcac8346038 000070000eff9400
0x000070000eff93d0:   000070000eff94b0 00000008001b8c80
0x000070000eff93e0:   000070000eff9430 0000000108cf2c4c
0x000070000eff93f0:   000070000eff94b0 000000012b6c4268
0x000070000eff9400:   000000012b6c4268 00007fcac9b12000
0x000070000eff9410:   000070000eff94b0 000000012b6c4268
0x000070000eff9420:   0000000000000001 00000008001b8c80
0x000070000eff9430:   000070000eff94a0 0000000108cf2b51
0x000070000eff9440:   00007fcaca9a4190 00007fcac9b12000
0x000070000eff9450:   000070000eff94d0 00000008001b8c80
0x000070000eff9460:   000000012b6c4268 000000012b6c4268
0x000070000eff9470:   00007fcac9b12000 00007fcac8346030
0x000070000eff9480:   00007fcac8346028 00007fcac9b12000
0x000070000eff9490:   000070000eff96b0 0000000789671538
0x000070000eff94a0:   000070000eff9530 0000000108ba3962
0x000070000eff94b0:   00000008001b8c80 00000008001b8c80
0x000070000eff94c0:   000000012b6c4268 00007fcac9b12000
0x000070000eff94d0:   000000012b6c4268 00007fcac9b12000
0x000070000eff94e0:   0000000800000001 0000000000000000
0x000070000eff94f0:   0000000000000000 0000000000000000
0x000070000eff9500:   0000002e0eff96b0 000070000effa0d8
0x000070000eff9510:   000070000effa0d8 000070000eff96b0
0x000070000eff9520:   0000000000000001 00007fcac9b12000
0x000070000eff9530:   000070000eff9780 0000000108e89f18
0x000070000eff9540:   000070000eff9550 000000012b6c4268
0x000070000eff9550:   00000001090eecd0 0000000000000000
0x000070000eff9560:   000070002cf149b8 0000000000000000
0x000070000eff9570:   0000000108e8a2be 0000000000000000
0x000070000eff9580:   000070000eff97a4 0000000000000000
0x000070000eff9590:   00007fcaca9a4308 00000001090e1508
0x000070000eff95a0:   0000000c00000002 0000000108eb181e
0x000070000eff95b0:   000070002b059468 0000000108eb1862 

Instructions: (pc=0x0000000108e59181)
0x0000000108e59161:   0f b7 70 2e e8 52 e3 d2 ff 48 89 c3 4d 85 ff 74
0x0000000108e59171:   05 49 8b 3f eb 02 31 ff 48 89 de e8 13 c9 d4 ff
0x0000000108e59181:   48 8b 43 08 48 8b 40 08 48 8b 40 18 66 81 88 3a
0x0000000108e59191:   01 00 00 00 80 48 8b 3d ab 17 30 00 48 89 de 4c 

Stack slot to memory mapping:
stack at sp + 0 slots: 0x00007fcac8346038 points into unknown readable memory: 88 18 67 89 07 00 00 00
stack at sp + 1 slots: 0x000070000eff9400 is pointing into the stack for thread: 0x00007fcac9b12000
stack at sp + 2 slots: 0x000070000eff94b0 is pointing into the stack for thread: 0x00007fcac9b12000
stack at sp + 3 slots: 0x00000008001b8c80 is a pointer to class: 
com.exchange.crawler.controller.ExchangeRecordController {0x00000008001b8c80}
stack at sp + 4 slots: 0x000070000eff9430 is pointing into the stack for thread: 0x00007fcac9b12000
stack at sp + 5 slots: 0x0000000108cf2c4c: _ZN8CallInfo24set_resolved_method_nameEP6Thread+0x5a in /Library/Java/JavaVirtualMachines/jdk-11.0.4.jdk/Contents/Home/lib/server/libjvm.dylib at 0x0000000108800000
stack at sp + 6 slots: 0x000070000eff94b0 is pointing into the stack for thread: 0x00007fcac9b12000
stack at sp + 7 slots: {method} {0x000000012b6c4268} 'crawlCompanies' '(I)Lreactor/core/publisher/Mono;' in 'com/exchange/crawler/controller/ExchangeRecordController'


---------------  P R O C E S S  ---------------

Threads class SMR info:
_java_thread_list=0x00007fcaca6457b0, length=29, elements={
0x00007fcac8030000, 0x00007fcac9856000, 0x00007fcac8036000, 0x00007fcac9074000,
0x00007fcac9015800, 0x00007fcac8085800, 0x00007fcac90a0800, 0x00007fcac909f800,
0x00007fcac90a3800, 0x00007fcac883f000, 0x00007fcac8283800, 0x00007fcac92a8800,
0x00007fcac8293800, 0x00007fcac8ce5800, 0x00007fcac9afe000, 0x00007fcac83c1000,
0x00007fcac9e49800, 0x00007fcac9646000, 0x00007fcac9b12000, 0x00007fcac836c000,
0x00007fcac8532000, 0x00007fcacb065000, 0x00007fcac836a800, 0x00007fcac8289000,
0x00007fcac83b7800, 0x00007fcac841d000, 0x00007fcac957d000, 0x00007fcac8810000,
0x00007fcacb03f800
}

Java Threads: ( => current thread )
  0x00007fcac8030000 JavaThread "Reference Handler" daemon [_thread_blocked, id=18435, stack(0x000070000cc95000,0x000070000cd95000)]
  0x00007fcac9856000 JavaThread "Finalizer" daemon [_thread_blocked, id=12547, stack(0x000070000cd98000,0x000070000ce98000)]
  0x00007fcac8036000 JavaThread "Signal Dispatcher" daemon [_thread_blocked, id=14851, stack(0x000070000cfa1000,0x000070000d0a1000)]
  0x00007fcac9074000 JavaThread "C1 CompilerThread0" daemon [_thread_blocked, id=16643, stack(0x000070000d0a4000,0x000070000d1a4000)]
  0x00007fcac9015800 JavaThread "Sweeper thread" daemon [_thread_blocked, id=16387, stack(0x000070000d1a7000,0x000070000d2a7000)]
  0x00007fcac8085800 JavaThread "Common-Cleaner" daemon [_thread_blocked, id=43267, stack(0x000070000d2aa000,0x000070000d3aa000)]
  0x00007fcac90a0800 JavaThread "JDWP Transport Listener: dt_socket" daemon [_thread_blocked, id=42755, stack(0x000070000d3ad000,0x000070000d4ad000)]
  0x00007fcac909f800 JavaThread "JDWP Event Helper Thread" daemon [_thread_blocked, id=41987, stack(0x000070000d4b0000,0x000070000d5b0000)]
  0x00007fcac90a3800 JavaThread "JDWP Command Reader" daemon [_thread_in_native, id=41475, stack(0x000070000d5b3000,0x000070000d6b3000)]
  0x00007fcac883f000 JavaThread "Service Thread" daemon [_thread_blocked, id=40963, stack(0x000070000d8bc000,0x000070000d9bc000)]
  0x00007fcac8283800 JavaThread "RMI TCP Accept-0" daemon [_thread_in_native, id=39683, stack(0x000070000dbc5000,0x000070000dcc5000)]
  0x00007fcac92a8800 JavaThread "Attach Listener" daemon [_thread_blocked, id=39171, stack(0x000070000ddcb000,0x000070000decb000)]
  0x00007fcac8293800 JavaThread "RMI Scheduler(0)" daemon [_thread_blocked, id=38659, stack(0x000070000dfd1000,0x000070000e0d1000)]
  0x00007fcac8ce5800 JavaThread "Catalina-utility-1" [_thread_blocked, id=27419, stack(0x000070000e2da000,0x000070000e3da000)]
  0x00007fcac9afe000 JavaThread "Catalina-utility-2" [_thread_blocked, id=28423, stack(0x000070000e4e0000,0x000070000e5e0000)]
  0x00007fcac83c1000 JavaThread "container-0" [_thread_blocked, id=28675, stack(0x000070000e5e3000,0x000070000e6e3000)]
  0x00007fcac9e49800 JavaThread "Live Reload Server" daemon [_thread_in_native, id=34055, stack(0x000070000ebf5000,0x000070000ecf5000)]
  0x00007fcac9646000 JavaThread "http-nio-8080-BlockPoller" daemon [_thread_in_native, id=33547, stack(0x000070000edfb000,0x000070000eefb000)]
=>0x00007fcac9b12000 JavaThread "http-nio-8080-exec-1" daemon [_thread_in_vm, id=33283, stack(0x000070000eefe000,0x000070000effe000)]
  0x00007fcac836c000 JavaThread "DestroyJavaVM" [_thread_blocked, id=5635, stack(0x000070000c580000,0x000070000c680000)]
  0x00007fcac8532000 JavaThread "parallel-1" daemon [_thread_blocked, id=47367, stack(0x000070000fc25000,0x000070000fd25000)]
  0x00007fcacb065000 JavaThread "parallel-2" daemon [_thread_blocked, id=23303, stack(0x000070000d6b6000,0x000070000d7b6000)]
  0x00007fcac836a800 JavaThread "parallel-3" daemon [_thread_blocked, id=23815, stack(0x000070000d7b9000,0x000070000d8b9000)]
  0x00007fcac8289000 JavaThread "parallel-4" daemon [_thread_blocked, id=49923, stack(0x000070001033a000,0x000070001043a000)]
  0x00007fcac83b7800 JavaThread "Thread-4" [_thread_blocked, id=47119, stack(0x000070000dece000,0x000070000dfce000)]
  0x00007fcac841d000 JavaThread "reactor-http-nio-1" daemon [_thread_in_native, id=31255, stack(0x000070000e0d4000,0x000070000e1d4000)]
  0x00007fcac957d000 JavaThread "reactor-http-nio-2" daemon [_thread_in_native, id=46863, stack(0x000070000e1d7000,0x000070000e2d7000)]
  0x00007fcac8810000 JavaThread "reactor-http-nio-3" daemon [_thread_in_native, id=37647, stack(0x000070000e6e6000,0x000070000e7e6000)]
  0x00007fcacb03f800 JavaThread "reactor-http-nio-4" daemon [_thread_in_native, id=26895, stack(0x000070000ecf8000,0x000070000edf8000)]

Other Threads:
  0x00007fcac882c000 VMThread "VM Thread" [stack: 0x000070000cb92000,0x000070000cc92000] [id=12035]
  0x00007fcac98bc000 WatcherThread [stack: 0x000070000dcc8000,0x000070000ddc8000] [id=39427]
  0x00007fcac8811000 GCTaskThread "GC Thread#0" [stack: 0x000070000c683000,0x000070000c783000] [id=11011]
  0x00007fcac9195800 GCTaskThread "GC Thread#1" [stack: 0x000070000d9bf000,0x000070000dabf000] [id=40451]
  0x00007fcac9261000 GCTaskThread "GC Thread#2" [stack: 0x000070000dac2000,0x000070000dbc2000] [id=24579]
  0x00007fcac9a75800 GCTaskThread "GC Thread#3" [stack: 0x000070000e3dd000,0x000070000e4dd000] [id=27907]
  0x00007fcac8824800 ConcurrentGCThread "G1 Main Marker" [stack: 0x000070000c786000,0x000070000c886000] [id=20739]
  0x00007fcac8825800 ConcurrentGCThread "G1 Conc#0" [stack: 0x000070000c889000,0x000070000c989000] [id=19715]
  0x00007fcac9066800 ConcurrentGCThread "G1 Refine#0" [stack: 0x000070000c98c000,0x000070000ca8c000] [id=19203]
  0x00007fcac8021000 ConcurrentGCThread "G1 Young RemSet Sampling" [stack: 0x000070000ca8f000,0x000070000cb8f000] [id=11523]

Threads with active compile tasks:

VM state:not at safepoint (normal execution)

VM Mutex/Monitor currently owned by a thread:  ([mutex/lock_event])
[0x00007fcac7e0bac0] ResolvedMethodTable_lock - owner thread: 0x00007fcac9b12000

Heap address: 0x0000000780000000, size: 2048 MB, Compressed Oops mode: Zero based, Oop shift amount: 3
Narrow klass base: 0x0000000800000000, Narrow klass shift: 0
Compressed class space size: 1073741824 Address: 0x0000000800000000

Heap:
 garbage-first heap   total 159744K, used 69922K [0x0000000780000000, 0x0000000800000000)
  region size 1024K, 12 young (12288K), 8 survivors (8192K)
 Metaspace       used 60400K, capacity 62697K, committed 62800K, reserved 1103872K
  class space    used 7752K, capacity 8640K, committed 8652K, reserved 1048576K
Heap Regions: E=young(eden), S=young(survivor), O=old, HS=humongous(starts), HC=humongous(continues), CS=collection set, F=free, A=archive, TAMS=top-at-mark-start (previous, next)
|   0|0x0000000780000000, 0x0000000780100000, 0x0000000780100000|100%| O|  |TAMS 0x0000000780100000, 0x0000000780000000| Untracked 
|   1|0x0000000780100000, 0x0000000780200000, 0x0000000780200000|100%| O|  |TAMS 0x0000000780200000, 0x0000000780100000| Untracked 
|   2|0x0000000780200000, 0x0000000780300000, 0x0000000780300000|100%| O|  |TAMS 0x0000000780300000, 0x0000000780200000| Untracked 
|   3|0x0000000780300000, 0x0000000780400000, 0x0000000780400000|100%| O|  |TAMS 0x0000000780400000, 0x0000000780300000| Untracked 
|   4|0x0000000780400000, 0x0000000780500000, 0x0000000780500000|100%| O|  |TAMS 0x0000000780500000, 0x0000000780400000| Untracked 
|   5|0x0000000780500000, 0x0000000780600000, 0x0000000780600000|100%| O|  |TAMS 0x0000000780600000, 0x0000000780500000| Untracked 
|   6|0x0000000780600000, 0x0000000780700000, 0x0000000780700000|100%| O|  |TAMS 0x0000000780700000, 0x0000000780600000| Untracked 
|   7|0x0000000780700000, 0x0000000780800000, 0x0000000780800000|100%| O|  |TAMS 0x0000000780800000, 0x0000000780700000| Untracked 
|   8|0x0000000780800000, 0x0000000780900000, 0x0000000780900000|100%| O|  |TAMS 0x0000000780900000, 0x0000000780800000| Untracked 
|   9|0x0000000780900000, 0x0000000780a00000, 0x0000000780a00000|100%| O|  |TAMS 0x0000000780a00000, 0x0000000780900000| Untracked 
|  10|0x0000000780a00000, 0x0000000780b00000, 0x0000000780b00000|100%| O|  |TAMS 0x0000000780b00000, 0x0000000780a00000| Untracked 
|  11|0x0000000780b00000, 0x0000000780c00000, 0x0000000780c00000|100%| O|  |TAMS 0x0000000780c00000, 0x0000000780b00000| Untracked 
|  12|0x0000000780c00000, 0x0000000780d00000, 0x0000000780d00000|100%| O|  |TAMS 0x0000000780d00000, 0x0000000780c00000| Untracked 
|  13|0x0000000780d00000, 0x0000000780e00000, 0x0000000780e00000|100%| O|  |TAMS 0x0000000780e00000, 0x0000000780d00000| Untracked 
|  14|0x0000000780e00000, 0x0000000780f00000, 0x0000000780f00000|100%| O|  |TAMS 0x0000000780f00000, 0x0000000780e00000| Untracked 
|  15|0x0000000780f00000, 0x0000000781000000, 0x0000000781000000|100%| O|  |TAMS 0x0000000781000000, 0x0000000780f00000| Untracked 
|  16|0x0000000781000000, 0x0000000781100000, 0x0000000781100000|100%| O|  |TAMS 0x0000000781100000, 0x0000000781000000| Untracked 
|  17|0x0000000781100000, 0x0000000781200000, 0x0000000781200000|100%| O|  |TAMS 0x0000000781200000, 0x0000000781100000| Untracked 
|  18|0x0000000781200000, 0x0000000781300000, 0x0000000781300000|100%| O|  |TAMS 0x0000000781300000, 0x0000000781200000| Untracked 
|  19|0x0000000781300000, 0x0000000781400000, 0x0000000781400000|100%| O|  |TAMS 0x0000000781400000, 0x0000000781300000| Untracked 
|  20|0x0000000781400000, 0x0000000781500000, 0x0000000781500000|100%| O|  |TAMS 0x0000000781500000, 0x0000000781400000| Untracked 
|  21|0x0000000781500000, 0x0000000781600000, 0x0000000781600000|100%| O|  |TAMS 0x0000000781600000, 0x0000000781500000| Untracked 
|  22|0x0000000781600000, 0x0000000781700000, 0x0000000781700000|100%| O|  |TAMS 0x0000000781700000, 0x0000000781600000| Untracked 
|  23|0x0000000781700000, 0x00000007817ffc00, 0x0000000781800000| 99%| O|  |TAMS 0x00000007817ffc00, 0x0000000781700000| Untracked 
|  24|0x0000000781800000, 0x0000000781900000, 0x0000000781900000|100%|HS|  |TAMS 0x0000000781800000, 0x0000000781800000| Complete 
|  25|0x0000000781900000, 0x0000000781a00000, 0x0000000781a00000|100%|HC|  |TAMS 0x0000000781900000, 0x0000000781900000| Complete 
|  26|0x0000000781a00000, 0x0000000781b00000, 0x0000000781b00000|100%|HC|  |TAMS 0x0000000781a00000, 0x0000000781a00000| Complete 
|  27|0x0000000781b00000, 0x0000000781c00000, 0x0000000781c00000|100%|HC|  |TAMS 0x0000000781b00000, 0x0000000781b00000| Complete 
|  28|0x0000000781c00000, 0x0000000781d00000, 0x0000000781d00000|100%|HC|  |TAMS 0x0000000781c00000, 0x0000000781c00000| Complete 
|  29|0x0000000781d00000, 0x0000000781e00000, 0x0000000781e00000|100%|HC|  |TAMS 0x0000000781d00000, 0x0000000781d00000| Complete 
|  30|0x0000000781e00000, 0x0000000781f00000, 0x0000000781f00000|100%|HC|  |TAMS 0x0000000781e00000, 0x0000000781e00000| Complete 
|  31|0x0000000781f00000, 0x0000000782000000, 0x0000000782000000|100%|HC|  |TAMS 0x0000000781f00000, 0x0000000781f00000| Complete 
|  32|0x0000000782000000, 0x0000000782100000, 0x0000000782100000|100%|HC|  |TAMS 0x0000000782000000, 0x0000000782000000| Complete 
|  33|0x0000000782100000, 0x0000000782200000, 0x0000000782200000|100%|HC|  |TAMS 0x0000000782100000, 0x0000000782100000| Complete 
|  34|0x0000000782200000, 0x0000000782300000, 0x0000000782300000|100%|HC|  |TAMS 0x0000000782200000, 0x0000000782200000| Complete 
|  35|0x0000000782300000, 0x0000000782400000, 0x0000000782400000|100%|HC|  |TAMS 0x0000000782300000, 0x0000000782300000| Complete 
|  36|0x0000000782400000, 0x0000000782500000, 0x0000000782500000|100%|HC|  |TAMS 0x0000000782400000, 0x0000000782400000| Complete 
|  37|0x0000000782500000, 0x0000000782600000, 0x0000000782600000|100%|HC|  |TAMS 0x0000000782500000, 0x0000000782500000| Complete 
|  38|0x0000000782600000, 0x0000000782700000, 0x0000000782700000|100%|HC|  |TAMS 0x0000000782600000, 0x0000000782600000| Complete 
|  39|0x0000000782700000, 0x0000000782800000, 0x0000000782800000|100%|HC|  |TAMS 0x0000000782700000, 0x0000000782700000| Complete 
|  40|0x0000000782800000, 0x0000000782900000, 0x0000000782900000|100%|HC|  |TAMS 0x0000000782800000, 0x0000000782800000| Complete 
|  41|0x0000000782900000, 0x0000000782a00000, 0x0000000782a00000|100%|HS|  |TAMS 0x0000000782900000, 0x0000000782900000| Complete 
|  42|0x0000000782a00000, 0x0000000782b00000, 0x0000000782b00000|100%|HC|  |TAMS 0x0000000782a00000, 0x0000000782a00000| Complete 
|  43|0x0000000782b00000, 0x0000000782c00000, 0x0000000782c00000|100%|HC|  |TAMS 0x0000000782b00000, 0x0000000782b00000| Complete 
|  44|0x0000000782c00000, 0x0000000782d00000, 0x0000000782d00000|100%|HC|  |TAMS 0x0000000782c00000, 0x0000000782c00000| Complete 
|  45|0x0000000782d00000, 0x0000000782e00000, 0x0000000782e00000|100%|HC|  |TAMS 0x0000000782d00000, 0x0000000782d00000| Complete 
|  46|0x0000000782e00000, 0x0000000782f00000, 0x0000000782f00000|100%|HC|  |TAMS 0x0000000782e00000, 0x0000000782e00000| Complete 
|  47|0x0000000782f00000, 0x0000000783000000, 0x0000000783000000|100%|HC|  |TAMS 0x0000000782f00000, 0x0000000782f00000| Complete 
|  48|0x0000000783000000, 0x0000000783100000, 0x0000000783100000|100%|HC|  |TAMS 0x0000000783000000, 0x0000000783000000| Complete 
|  49|0x0000000783100000, 0x0000000783200000, 0x0000000783200000|100%|HC|  |TAMS 0x0000000783100000, 0x0000000783100000| Complete 
|  50|0x0000000783200000, 0x0000000783300000, 0x0000000783300000|100%|HC|  |TAMS 0x0000000783200000, 0x0000000783200000| Complete 
|  51|0x0000000783300000, 0x0000000783400000, 0x0000000783400000|100%|HC|  |TAMS 0x0000000783300000, 0x0000000783300000| Complete 
|  52|0x0000000783400000, 0x0000000783500000, 0x0000000783500000|100%|HC|  |TAMS 0x0000000783400000, 0x0000000783400000| Complete 
|  53|0x0000000783500000, 0x0000000783600000, 0x0000000783600000|100%|HC|  |TAMS 0x0000000783500000, 0x0000000783500000| Complete 
|  54|0x0000000783600000, 0x0000000783700000, 0x0000000783700000|100%|HC|  |TAMS 0x0000000783600000, 0x0000000783600000| Complete 
|  55|0x0000000783700000, 0x0000000783800000, 0x0000000783800000|100%|HC|  |TAMS 0x0000000783700000, 0x0000000783700000| Complete 
|  56|0x0000000783800000, 0x0000000783900000, 0x0000000783900000|100%|HC|  |TAMS 0x0000000783800000, 0x0000000783800000| Complete 
|  57|0x0000000783900000, 0x0000000783a00000, 0x0000000783a00000|100%|HC|  |TAMS 0x0000000783900000, 0x0000000783900000| Complete 
|  58|0x0000000783a00000, 0x0000000783b00000, 0x0000000783b00000|100%| S|CS|TAMS 0x0000000783a00000, 0x0000000783a00000| Complete 
|  59|0x0000000783b00000, 0x0000000783c00000, 0x0000000783c00000|100%| S|CS|TAMS 0x0000000783b00000, 0x0000000783b00000| Complete 
|  60|0x0000000783c00000, 0x0000000783d00000, 0x0000000783d00000|100%| S|CS|TAMS 0x0000000783c00000, 0x0000000783c00000| Complete 
|  61|0x0000000783d00000, 0x0000000783e00000, 0x0000000783e00000|100%| S|CS|TAMS 0x0000000783d00000, 0x0000000783d00000| Complete 
|  62|0x0000000783e00000, 0x0000000783f00000, 0x0000000783f00000|100%| S|CS|TAMS 0x0000000783e00000, 0x0000000783e00000| Complete 
|  63|0x0000000783f00000, 0x0000000784000000, 0x0000000784000000|100%| S|CS|TAMS 0x0000000783f00000, 0x0000000783f00000| Complete 
|  64|0x0000000784000000, 0x0000000784000000, 0x0000000784100000|  0%| F|  |TAMS 0x0000000784000000, 0x0000000784000000| Untracked 
|  65|0x0000000784100000, 0x0000000784100000, 0x0000000784200000|  0%| F|  |TAMS 0x0000000784100000, 0x0000000784100000| Untracked 
|  66|0x0000000784200000, 0x0000000784200000, 0x0000000784300000|  0%| F|  |TAMS 0x0000000784200000, 0x0000000784200000| Untracked 
|  67|0x0000000784300000, 0x0000000784300000, 0x0000000784400000|  0%| F|  |TAMS 0x0000000784300000, 0x0000000784300000| Untracked 
|  68|0x0000000784400000, 0x0000000784400000, 0x0000000784500000|  0%| F|  |TAMS 0x0000000784400000, 0x0000000784400000| Untracked 
|  69|0x0000000784500000, 0x0000000784500000, 0x0000000784600000|  0%| F|  |TAMS 0x0000000784500000, 0x0000000784500000| Untracked 
|  70|0x0000000784600000, 0x0000000784600000, 0x0000000784700000|  0%| F|  |TAMS 0x0000000784600000, 0x0000000784600000| Untracked 
|  71|0x0000000784700000, 0x0000000784700000, 0x0000000784800000|  0%| F|  |TAMS 0x0000000784700000, 0x0000000784700000| Untracked 
|  72|0x0000000784800000, 0x0000000784800000, 0x0000000784900000|  0%| F|  |TAMS 0x0000000784800000, 0x0000000784800000| Untracked 
|  73|0x0000000784900000, 0x0000000784900000, 0x0000000784a00000|  0%| F|  |TAMS 0x0000000784900000, 0x0000000784900000| Untracked 
|  74|0x0000000784a00000, 0x0000000784a00000, 0x0000000784b00000|  0%| F|  |TAMS 0x0000000784a00000, 0x0000000784a00000| Untracked 
|  75|0x0000000784b00000, 0x0000000784b00000, 0x0000000784c00000|  0%| F|  |TAMS 0x0000000784b00000, 0x0000000784b00000| Untracked 
|  76|0x0000000784c00000, 0x0000000784c00000, 0x0000000784d00000|  0%| F|  |TAMS 0x0000000784c00000, 0x0000000784c00000| Untracked 
|  77|0x0000000784d00000, 0x0000000784d00000, 0x0000000784e00000|  0%| F|  |TAMS 0x0000000784d00000, 0x0000000784d00000| Untracked 
|  78|0x0000000784e00000, 0x0000000784e00000, 0x0000000784f00000|  0%| F|  |TAMS 0x0000000784e00000, 0x0000000784e00000| Untracked 
|  79|0x0000000784f00000, 0x0000000784f00000, 0x0000000785000000|  0%| F|  |TAMS 0x0000000784f00000, 0x0000000784f00000| Untracked 
|  80|0x0000000785000000, 0x0000000785000000, 0x0000000785100000|  0%| F|  |TAMS 0x0000000785000000, 0x0000000785000000| Untracked 
|  81|0x0000000785100000, 0x0000000785100000, 0x0000000785200000|  0%| F|  |TAMS 0x0000000785100000, 0x0000000785100000| Untracked 
|  82|0x0000000785200000, 0x0000000785200000, 0x0000000785300000|  0%| F|  |TAMS 0x0000000785200000, 0x0000000785200000| Untracked 
|  83|0x0000000785300000, 0x0000000785300000, 0x0000000785400000|  0%| F|  |TAMS 0x0000000785300000, 0x0000000785300000| Untracked 
|  84|0x0000000785400000, 0x0000000785400000, 0x0000000785500000|  0%| F|  |TAMS 0x0000000785400000, 0x0000000785400000| Untracked 
|  85|0x0000000785500000, 0x0000000785500000, 0x0000000785600000|  0%| F|  |TAMS 0x0000000785500000, 0x0000000785500000| Untracked 
|  86|0x0000000785600000, 0x0000000785600000, 0x0000000785700000|  0%| F|  |TAMS 0x0000000785600000, 0x0000000785600000| Untracked 
|  87|0x0000000785700000, 0x0000000785700000, 0x0000000785800000|  0%| F|  |TAMS 0x0000000785700000, 0x0000000785700000| Untracked 
|  88|0x0000000785800000, 0x0000000785800000, 0x0000000785900000|  0%| F|  |TAMS 0x0000000785800000, 0x0000000785800000| Untracked 
|  89|0x0000000785900000, 0x0000000785900000, 0x0000000785a00000|  0%| F|  |TAMS 0x0000000785900000, 0x0000000785900000| Untracked 
|  90|0x0000000785a00000, 0x0000000785a00000, 0x0000000785b00000|  0%| F|  |TAMS 0x0000000785a00000, 0x0000000785a00000| Untracked 
|  91|0x0000000785b00000, 0x0000000785b00000, 0x0000000785c00000|  0%| F|  |TAMS 0x0000000785b00000, 0x0000000785b00000| Untracked 
|  92|0x0000000785c00000, 0x0000000785c00000, 0x0000000785d00000|  0%| F|  |TAMS 0x0000000785c00000, 0x0000000785c00000| Untracked 
|  93|0x0000000785d00000, 0x0000000785d00000, 0x0000000785e00000|  0%| F|  |TAMS 0x0000000785d00000, 0x0000000785d00000| Untracked 
|  94|0x0000000785e00000, 0x0000000785e00000, 0x0000000785f00000|  0%| F|  |TAMS 0x0000000785e00000, 0x0000000785e00000| Untracked 
|  95|0x0000000785f00000, 0x0000000785f00000, 0x0000000786000000|  0%| F|  |TAMS 0x0000000785f00000, 0x0000000785f00000| Untracked 
|  96|0x0000000786000000, 0x0000000786000000, 0x0000000786100000|  0%| F|  |TAMS 0x0000000786000000, 0x0000000786000000| Untracked 
|  97|0x0000000786100000, 0x0000000786100000, 0x0000000786200000|  0%| F|  |TAMS 0x0000000786100000, 0x0000000786100000| Untracked 
|  98|0x0000000786200000, 0x0000000786200000, 0x0000000786300000|  0%| F|  |TAMS 0x0000000786200000, 0x0000000786200000| Untracked 
|  99|0x0000000786300000, 0x0000000786300000, 0x0000000786400000|  0%| F|  |TAMS 0x0000000786300000, 0x0000000786300000| Untracked 
| 100|0x0000000786400000, 0x0000000786400000, 0x0000000786500000|  0%| F|  |TAMS 0x0000000786400000, 0x0000000786400000| Untracked 
| 101|0x0000000786500000, 0x0000000786500000, 0x0000000786600000|  0%| F|  |TAMS 0x0000000786500000, 0x0000000786500000| Untracked 
| 102|0x0000000786600000, 0x0000000786600000, 0x0000000786700000|  0%| F|  |TAMS 0x0000000786600000, 0x0000000786600000| Untracked 
| 103|0x0000000786700000, 0x0000000786700000, 0x0000000786800000|  0%| F|  |TAMS 0x0000000786700000, 0x0000000786700000| Untracked 
| 104|0x0000000786800000, 0x0000000786800000, 0x0000000786900000|  0%| F|  |TAMS 0x0000000786800000, 0x0000000786800000| Untracked 
| 105|0x0000000786900000, 0x0000000786900000, 0x0000000786a00000|  0%| F|  |TAMS 0x0000000786900000, 0x0000000786900000| Untracked 
| 106|0x0000000786a00000, 0x0000000786a00000, 0x0000000786b00000|  0%| F|  |TAMS 0x0000000786a00000, 0x0000000786a00000| Untracked 
| 107|0x0000000786b00000, 0x0000000786b00000, 0x0000000786c00000|  0%| F|  |TAMS 0x0000000786b00000, 0x0000000786b00000| Untracked 
| 108|0x0000000786c00000, 0x0000000786c00000, 0x0000000786d00000|  0%| F|  |TAMS 0x0000000786c00000, 0x0000000786c00000| Untracked 
| 109|0x0000000786d00000, 0x0000000786d00000, 0x0000000786e00000|  0%| F|  |TAMS 0x0000000786d00000, 0x0000000786d00000| Untracked 
| 110|0x0000000786e00000, 0x0000000786e00000, 0x0000000786f00000|  0%| F|  |TAMS 0x0000000786e00000, 0x0000000786e00000| Untracked 
| 111|0x0000000786f00000, 0x0000000786f00000, 0x0000000787000000|  0%| F|  |TAMS 0x0000000786f00000, 0x0000000786f00000| Untracked 
| 112|0x0000000787000000, 0x0000000787000000, 0x0000000787100000|  0%| F|  |TAMS 0x0000000787000000, 0x0000000787000000| Untracked 
| 113|0x0000000787100000, 0x0000000787100000, 0x0000000787200000|  0%| F|  |TAMS 0x0000000787100000, 0x0000000787100000| Untracked 
| 114|0x0000000787200000, 0x0000000787200000, 0x0000000787300000|  0%| F|  |TAMS 0x0000000787200000, 0x0000000787200000| Untracked 
| 115|0x0000000787300000, 0x0000000787300000, 0x0000000787400000|  0%| F|  |TAMS 0x0000000787300000, 0x0000000787300000| Untracked 
| 116|0x0000000787400000, 0x0000000787400000, 0x0000000787500000|  0%| F|  |TAMS 0x0000000787400000, 0x0000000787400000| Untracked 
| 117|0x0000000787500000, 0x0000000787500000, 0x0000000787600000|  0%| F|  |TAMS 0x0000000787500000, 0x0000000787500000| Untracked 
| 118|0x0000000787600000, 0x0000000787600000, 0x0000000787700000|  0%| F|  |TAMS 0x0000000787600000, 0x0000000787600000| Untracked 
| 119|0x0000000787700000, 0x0000000787700000, 0x0000000787800000|  0%| F|  |TAMS 0x0000000787700000, 0x0000000787700000| Untracked 
| 120|0x0000000787800000, 0x0000000787800000, 0x0000000787900000|  0%| F|  |TAMS 0x0000000787800000, 0x0000000787800000| Untracked 
| 121|0x0000000787900000, 0x0000000787900000, 0x0000000787a00000|  0%| F|  |TAMS 0x0000000787900000, 0x0000000787900000| Untracked 
| 122|0x0000000787a00000, 0x0000000787a00000, 0x0000000787b00000|  0%| F|  |TAMS 0x0000000787a00000, 0x0000000787a00000| Untracked 
| 123|0x0000000787b00000, 0x0000000787b00000, 0x0000000787c00000|  0%| F|  |TAMS 0x0000000787b00000, 0x0000000787b00000| Untracked 
| 124|0x0000000787c00000, 0x0000000787c00000, 0x0000000787d00000|  0%| F|  |TAMS 0x0000000787c00000, 0x0000000787c00000| Untracked 
| 125|0x0000000787d00000, 0x0000000787d00000, 0x0000000787e00000|  0%| F|  |TAMS 0x0000000787d00000, 0x0000000787d00000| Untracked 
| 126|0x0000000787e00000, 0x0000000787e00000, 0x0000000787f00000|  0%| F|  |TAMS 0x0000000787e00000, 0x0000000787e00000| Untracked 
| 127|0x0000000787f00000, 0x0000000787f00000, 0x0000000788000000|  0%| F|  |TAMS 0x0000000787f00000, 0x0000000787f00000| Untracked 
| 128|0x0000000788000000, 0x0000000788000000, 0x0000000788100000|  0%| F|  |TAMS 0x0000000788000000, 0x0000000788000000| Untracked 
| 129|0x0000000788100000, 0x0000000788100000, 0x0000000788200000|  0%| F|  |TAMS 0x0000000788100000, 0x0000000788100000| Untracked 
| 130|0x0000000788200000, 0x0000000788200000, 0x0000000788300000|  0%| F|  |TAMS 0x0000000788200000, 0x0000000788200000| Untracked 
| 131|0x0000000788300000, 0x0000000788300000, 0x0000000788400000|  0%| F|  |TAMS 0x0000000788300000, 0x0000000788300000| Untracked 
| 132|0x0000000788400000, 0x0000000788400000, 0x0000000788500000|  0%| F|  |TAMS 0x0000000788400000, 0x0000000788400000| Untracked 
| 133|0x0000000788500000, 0x0000000788500000, 0x0000000788600000|  0%| F|  |TAMS 0x0000000788500000, 0x0000000788500000| Untracked 
| 134|0x0000000788600000, 0x0000000788600000, 0x0000000788700000|  0%| F|  |TAMS 0x0000000788600000, 0x0000000788600000| Untracked 
| 135|0x0000000788700000, 0x0000000788700000, 0x0000000788800000|  0%| F|  |TAMS 0x0000000788700000, 0x0000000788700000| Untracked 
| 136|0x0000000788800000, 0x0000000788800000, 0x0000000788900000|  0%| F|  |TAMS 0x0000000788800000, 0x0000000788800000| Untracked 
| 137|0x0000000788900000, 0x0000000788900000, 0x0000000788a00000|  0%| F|  |TAMS 0x0000000788900000, 0x0000000788900000| Untracked 
| 138|0x0000000788a00000, 0x0000000788a00000, 0x0000000788b00000|  0%| F|  |TAMS 0x0000000788a00000, 0x0000000788a00000| Untracked 
| 139|0x0000000788b00000, 0x0000000788b00000, 0x0000000788c00000|  0%| F|  |TAMS 0x0000000788b00000, 0x0000000788b00000| Untracked 
| 140|0x0000000788c00000, 0x0000000788c00000, 0x0000000788d00000|  0%| F|  |TAMS 0x0000000788c00000, 0x0000000788c00000| Untracked 
| 141|0x0000000788d00000, 0x0000000788d00000, 0x0000000788e00000|  0%| F|  |TAMS 0x0000000788d00000, 0x0000000788d00000| Untracked 
| 142|0x0000000788e00000, 0x0000000788e00000, 0x0000000788f00000|  0%| F|  |TAMS 0x0000000788e00000, 0x0000000788e00000| Untracked 
| 143|0x0000000788f00000, 0x0000000788f00000, 0x0000000789000000|  0%| F|  |TAMS 0x0000000788f00000, 0x0000000788f00000| Untracked 
| 144|0x0000000789000000, 0x0000000789000000, 0x0000000789100000|  0%| F|  |TAMS 0x0000000789000000, 0x0000000789000000| Untracked 
| 145|0x0000000789100000, 0x0000000789100000, 0x0000000789200000|  0%| F|  |TAMS 0x0000000789100000, 0x0000000789100000| Untracked 
| 146|0x0000000789200000, 0x0000000789200000, 0x0000000789300000|  0%| F|  |TAMS 0x0000000789200000, 0x0000000789200000| Untracked 
| 147|0x0000000789300000, 0x0000000789300000, 0x0000000789400000|  0%| F|  |TAMS 0x0000000789300000, 0x0000000789300000| Untracked 
| 148|0x0000000789400000, 0x0000000789400000, 0x0000000789500000|  0%| F|  |TAMS 0x0000000789400000, 0x0000000789400000| Untracked 
| 149|0x0000000789500000, 0x0000000789500000, 0x0000000789600000|  0%| F|  |TAMS 0x0000000789500000, 0x0000000789500000| Untracked 
| 150|0x0000000789600000, 0x0000000789694d28, 0x0000000789700000| 58%| E|  |TAMS 0x0000000789600000, 0x0000000789600000| Complete 
| 151|0x0000000789700000, 0x0000000789800000, 0x0000000789800000|100%| E|CS|TAMS 0x0000000789700000, 0x0000000789700000| Complete 
| 152|0x0000000789800000, 0x0000000789900000, 0x0000000789900000|100%| E|CS|TAMS 0x0000000789800000, 0x0000000789800000| Complete 
| 153|0x0000000789900000, 0x0000000789a00000, 0x0000000789a00000|100%| E|CS|TAMS 0x0000000789900000, 0x0000000789900000| Complete 
| 154|0x0000000789a00000, 0x0000000789b00000, 0x0000000789b00000|100%| S|CS|TAMS 0x0000000789a00000, 0x0000000789a00000| Complete 
| 155|0x0000000789b00000, 0x0000000789b48de8, 0x0000000789c00000| 28%| S|CS|TAMS 0x0000000789b00000, 0x0000000789b00000| Complete 

Card table byte_map: [0x0000000109f43000,0x000000010a343000] _byte_map_base: 0x0000000106343000

Marking Bits (Prev, Next): (CMBitMap*) 0x00007fcac8811650, (CMBitMap*) 0x00007fcac8811618
 Prev Bits: [0x0000000124f98000, 0x0000000126f98000)
 Next Bits: [0x000000010a743000, 0x000000010c743000)

Polling page: 0x0000000107f26000

Metaspace:

Usage:
  Non-class:     52.79 MB capacity,    51.41 MB ( 97%) used,     1.13 MB (  2%) free+waste,   256.69 KB ( <1%) overhead. 
      Class:      8.44 MB capacity,     7.57 MB ( 90%) used,   761.70 KB (  9%) free+waste,   125.50 KB (  1%) overhead. 
       Both:     61.23 MB capacity,    58.98 MB ( 96%) used,     1.87 MB (  3%) free+waste,   382.19 KB ( <1%) overhead. 

Virtual space:
  Non-class space:       54.00 MB reserved,      52.88 MB ( 98%) committed 
      Class space:        1.00 GB reserved,       8.45 MB ( <1%) committed 
             Both:        1.05 GB reserved,      61.33 MB (  6%) committed 

Chunk freelists:
   Non-Class:  1.88 KB
       Class:  0 bytes
        Both:  1.88 KB

CodeHeap 'non-profiled nmethods': size=238948Kb used=12844Kb max_used=12844Kb free=226103Kb
 bounds [0x000000011663f000, 0x00000001172cf000, 0x0000000124f98000]
CodeHeap 'non-nmethods': size=6812Kb used=1314Kb max_used=2441Kb free=5497Kb
 bounds [0x0000000115f98000, 0x0000000116208000, 0x000000011663f000]
 total_blobs=8170 nmethods=7380 adapters=560
 compilation: enabled
              stopped_count=0, restarted_count=0
 full_count=0

Compilation events (10 events):
Event: 343.744 Thread 0x00007fcac9074000 nmethod 7512 0x00000001172c7890 code [0x00000001172c7a40, 0x00000001172c7c10]
Event: 343.744 Thread 0x00007fcac9074000 7513       1       io.netty.buffer.PoolThreadCache$MemoryRegionCache$1::newObject (9 bytes)
Event: 343.744 Thread 0x00007fcac9074000 nmethod 7513 0x00000001172c7d10 code [0x00000001172c7ec0, 0x00000001172c8090]
Event: 343.744 Thread 0x00007fcac9074000 7514       1       io.netty.buffer.PoolThreadCache$MemoryRegionCache$Entry::<init> (17 bytes)
Event: 343.744 Thread 0x00007fcac9074000 nmethod 7514 0x00000001172c8110 code [0x00000001172c82c0, 0x00000001172c8430]
Event: 343.745 Thread 0x00007fcac9074000 7515       1       org.springframework.aop.support.AopUtils::isEqualsMethod (5 bytes)
Event: 343.746 Thread 0x00007fcac9074000 nmethod 7515 0x00000001172c8490 code [0x00000001172c8640, 0x00000001172c8768]
Event: 343.746 Thread 0x00007fcac9074000 7516       1       org.springframework.aop.support.AopUtils::isHashCodeMethod (5 bytes)
Event: 343.746 Thread 0x00007fcac9074000 nmethod 7516 0x00000001172c8810 code [0x00000001172c89c0, 0x00000001172c8b48]
Event: 343.750 Thread 0x00007fcac9074000 7519       1       java.lang.invoke.MethodHandles::dropArguments0 (113 bytes)

GC Heap History (10 events):
Event: 9.096 GC heap before
{Heap before GC invocations=9 (full 0):
 garbage-first heap   total 131072K, used 83747K [0x0000000780000000, 0x0000000800000000)
  region size 1024K, 76 young (77824K), 8 survivors (8192K)
 Metaspace       used 44126K, capacity 45558K, committed 45820K, reserved 1089536K
  class space    used 5513K, capacity 6109K, committed 6220K, reserved 1048576K
}
Event: 9.117 GC heap after
{Heap after GC invocations=10 (full 0):
 garbage-first heap   total 131072K, used 19797K [0x0000000780000000, 0x0000000800000000)
  region size 1024K, 10 young (10240K), 10 survivors (10240K)
 Metaspace       used 44126K, capacity 45558K, committed 45820K, reserved 1089536K
  class space    used 5513K, capacity 6109K, committed 6220K, reserved 1048576K
}
Event: 10.135 GC heap before
{Heap before GC invocations=10 (full 0):
 garbage-first heap   total 131072K, used 86357K [0x0000000780000000, 0x0000000800000000)
  region size 1024K, 76 young (77824K), 10 survivors (10240K)
 Metaspace       used 49629K, capacity 51386K, committed 51452K, reserved 1093632K
  class space    used 6241K, capacity 6961K, committed 6988K, reserved 1048576K
}
Event: 10.154 GC heap after
{Heap after GC invocations=11 (full 0):
 garbage-first heap   total 131072K, used 24950K [0x0000000780000000, 0x0000000800000000)
  region size 1024K, 10 young (10240K), 10 survivors (10240K)
 Metaspace       used 49629K, capacity 51386K, committed 51452K, reserved 1093632K
  class space    used 6241K, capacity 6961K, committed 6988K, reserved 1048576K
}
Event: 11.101 GC heap before
{Heap before GC invocations=11 (full 0):
 garbage-first heap   total 131072K, used 92534K [0x0000000780000000, 0x0000000800000000)
  region size 1024K, 76 young (77824K), 10 survivors (10240K)
 Metaspace       used 52376K, capacity 54318K, committed 54524K, reserved 1095680K
  class space    used 6664K, capacity 7447K, committed 7500K, reserved 1048576K
}
Event: 11.122 GC heap after
{Heap after GC invocations=12 (full 0):
 garbage-first heap   total 157696K, used 30166K [0x0000000780000000, 0x0000000800000000)
  region size 1024K, 6 young (6144K), 6 survivors (6144K)
 Metaspace       used 52376K, capacity 54318K, committed 54524K, reserved 1095680K
  class space    used 6664K, capacity 7447K, committed 7500K, reserved 1048576K
}
Event: 21.611 GC heap before
{Heap before GC invocations=12 (full 0):
 garbage-first heap   total 157696K, used 69078K [0x0000000780000000, 0x0000000800000000)
  region size 1024K, 45 young (46080K), 6 survivors (6144K)
 Metaspace       used 58022K, capacity 60079K, committed 60368K, reserved 1101824K
  class space    used 7397K, capacity 8234K, committed 8268K, reserved 1048576K
}
Event: 21.623 GC heap after
{Heap after GC invocations=13 (full 0):
 garbage-first heap   total 157696K, used 31010K [0x0000000780000000, 0x0000000800000000)
  region size 1024K, 7 young (7168K), 7 survivors (7168K)
 Metaspace       used 58022K, capacity 60079K, committed 60368K, reserved 1101824K
  class space    used 7397K, capacity 8234K, committed 8268K, reserved 1048576K
}
Event: 337.757 GC heap before
{Heap before GC invocations=14 (full 0):
 garbage-first heap   total 157696K, used 149794K [0x0000000780000000, 0x0000000800000000)
  region size 1024K, 90 young (92160K), 7 survivors (7168K)
 Metaspace       used 60290K, capacity 62560K, committed 62800K, reserved 1103872K
  class space    used 7737K, capacity 8637K, committed 8652K, reserved 1048576K
}
Event: 337.834 GC heap after
{Heap after GC invocations=15 (full 0):
 garbage-first heap   total 159744K, used 66850K [0x0000000780000000, 0x0000000800000000)
  region size 1024K, 8 young (8192K), 8 survivors (8192K)
 Metaspace       used 60290K, capacity 62560K, committed 62800K, reserved 1103872K
  class space    used 7737K, capacity 8637K, committed 8652K, reserved 1048576K
}

Deoptimization events (0 events):
No events

Classes redefined (1 events):
Event: 339.437 Thread 0x00007fcac882c000 redefined class name=com.exchange.crawler.controller.ExchangeRecordController, count=1

Internal exceptions (10 events):
Event: 21.518 Thread 0x00007fcac8532000 Exception <a 'java/lang/NoSuchMethodError'{0x0000000787bf26c8}: java.lang.invoke.DirectMethodHandle$Holder.invokeStaticInit(Ljava/lang/Object;Ljava/lang/Object;Ljava/lang/Object;)V> (0x0000000787bf26c8) thrown at [/scratch/mesos/slaves/ae206c0d-865c-4d69-
Event: 21.544 Thread 0x00007fcac8532000 Exception <a 'java/lang/NoSuchMethodError'{0x00000007879dd690}: java.lang.invoke.Invokers$Holder.linkToTargetMethod(Ljava/lang/Object;JLjava/lang/Object;Ljava/lang/Object;)Ljava/lang/Object;> (0x00000007879dd690) thrown at [/scratch/mesos/slaves/ae206c0d-
Event: 21.545 Thread 0x00007fcac8532000 Exception <a 'java/lang/NoSuchMethodError'{0x00000007879e0580}: java.lang.invoke.DirectMethodHandle$Holder.invokeSpecial(Ljava/lang/Object;Ljava/lang/Object;J)V> (0x00000007879e0580) thrown at [/scratch/mesos/slaves/ae206c0d-865c-4d69-a16b-c4e90bf2719f-S1
Event: 21.545 Thread 0x00007fcac8532000 Exception <a 'java/lang/NoSuchMethodError'{0x00000007879e6090}: java.lang.invoke.DirectMethodHandle$Holder.invokeStatic(Ljava/lang/Object;Ljava/lang/Object;J)Ljava/lang/Object;> (0x00000007879e6090) thrown at [/scratch/mesos/slaves/ae206c0d-865c-4d69-a16b
Event: 22.302 Thread 0x00007fcac822b800 Exception <a 'java/lang/NoSuchMethodError'{0x000000078968bab0}: java.lang.invoke.DirectMethodHandle$Holder.invokeStaticInit(Ljava/lang/Object;)V> (0x000000078968bab0) thrown at [/scratch/mesos/slaves/ae206c0d-865c-4d69-a16b-c4e90bf2719f-S178/frameworks/17
Event: 22.316 Thread 0x00007fcac822b800 Exception <a 'java/lang/IncompatibleClassChangeError'{0x00000007895a9248}: Found class java.lang.Object, but interface was expected> (0x00000007895a9248) thrown at [/scratch/mesos/slaves/ae206c0d-865c-4d69-a16b-c4e90bf2719f-S178/frameworks/1735e8a2-a1db-4
Event: 23.249 Thread 0x00007fcac9b12000 Exception <a 'java/lang/NoSuchMethodError'{0x0000000788f6e370}: java.lang.invoke.DirectMethodHandle$Holder.invokeSpecial(Ljava/lang/Object;Ljava/lang/Object;JLjava/lang/Object;)Ljava/lang/Object;> (0x0000000788f6e370) thrown at [/scratch/mesos/slaves/ae20
Event: 23.267 Thread 0x00007fcac9b12000 Exception <a 'java/lang/NoSuchMethodError'{0x0000000788e3ccf0}: java.lang.invoke.Invokers$Holder.invoke_MT(Ljava/lang/Object;Ljava/lang/Object;Ljava/lang/Object;)Ljava/lang/Object;> (0x0000000788e3ccf0) thrown at [/scratch/mesos/slaves/ae206c0d-865c-4d69-
Event: 23.456 Thread 0x00007fcac9b12000 Exception <a 'java/lang/NoSuchMethodError'{0x0000000788eeca28}: java.lang.invoke.Invokers$Holder.invoke_MT(Ljava/lang/Object;Ljava/lang/Object;Ljava/lang/Object;Ljava/lang/Object;)V> (0x0000000788eeca28) thrown at [/scratch/mesos/slaves/ae206c0d-865c-4d69
Event: 336.930 Thread 0x00007fcac83b7800 Exception <a 'java/lang/NoSuchMethodError'{0x00000007840508f8}: java.lang.invoke.DirectMethodHandle$Holder.invokeInterface(Ljava/lang/Object;Ljava/lang/Object;)V> (0x00000007840508f8) thrown at [/scratch/mesos/slaves/ae206c0d-865c-4d69-a16b-c4e90bf2719f-S

Events (10 events):
Event: 343.749 Thread 0x00007fcac9b12000 DEOPT PACKING pc=0x0000000116f539bc sp=0x000070000effb120
Event: 343.749 Thread 0x00007fcac9b12000 DEOPT UNPACKING pc=0x0000000115fd0fba sp=0x000070000effa640 mode 1
Event: 343.749 Thread 0x00007fcac9b12000 DEOPT PACKING pc=0x00000001169eb024 sp=0x000070000effb390
Event: 343.749 Thread 0x00007fcac9b12000 DEOPT UNPACKING pc=0x0000000115fd0fba sp=0x000070000effa850 mode 1
Event: 343.749 Thread 0x00007fcac9b12000 DEOPT PACKING pc=0x00000001169ee184 sp=0x000070000effb3e0
Event: 343.749 Thread 0x00007fcac9b12000 DEOPT UNPACKING pc=0x0000000115fd0fba sp=0x000070000effa8f0 mode 1
Event: 343.749 Thread 0x00007fcac9b12000 DEOPT PACKING pc=0x0000000116f539f4 sp=0x000070000effb510
Event: 343.749 Thread 0x00007fcac9b12000 DEOPT UNPACKING pc=0x0000000115fd0fba sp=0x000070000effa9d0 mode 1
Event: 343.749 Thread 0x00007fcac9b12000 DEOPT PACKING pc=0x0000000116f539bc sp=0x000070000effb650
Event: 343.749 Thread 0x00007fcac9b12000 DEOPT UNPACKING pc=0x0000000115fd0fba sp=0x000070000effab70 mode 1


Dynamic libraries:
0x00007fff321e7000 	/System/Library/Frameworks/Cocoa.framework/Versions/A/Cocoa
0x00007fff3f9c4000 	/System/Library/Frameworks/Security.framework/Versions/A/Security
0x00007fff31151000 	/System/Library/Frameworks/ApplicationServices.framework/Versions/A/ApplicationServices
0x00007fff6c56e000 	/usr/lib/libz.1.dylib
0x00007fff6a032000 	/usr/lib/libSystem.B.dylib
0x00007fff33082000 	/System/Library/Frameworks/CoreFoundation.framework/Versions/A/CoreFoundation
0x00007fff35738000 	/System/Library/Frameworks/Foundation.framework/Versions/C/Foundation
0x00007fff6be92000 	/usr/lib/libobjc.A.dylib
0x00007fff30342000 	/System/Library/Frameworks/AppKit.framework/Versions/C/AppKit
0x00007fff32b6b000 	/System/Library/Frameworks/CoreData.framework/Versions/A/CoreData
0x00007fff64053000 	/System/Library/PrivateFrameworks/UIFoundation.framework/Versions/A/UIFoundation
0x00007fff5f101000 	/System/Library/PrivateFrameworks/RemoteViewServices.framework/Versions/A/RemoteViewServices
0x00007fff66ba7000 	/System/Library/PrivateFrameworks/XCTTargetBootstrap.framework/Versions/A/XCTTargetBootstrap
0x00007fff32f56000 	/System/Library/Frameworks/CoreDisplay.framework/Versions/A/CoreDisplay
0x00007fff385f1000 	/System/Library/Frameworks/Metal.framework/Versions/A/Metal
0x00007fff4d15a000 	/System/Library/PrivateFrameworks/DesktopServicesPriv.framework/Versions/A/DesktopServicesPriv
0x00007fff6b16f000 	/usr/lib/liblangid.dylib
0x00007fff4c3f3000 	/System/Library/PrivateFrameworks/CoreSVG.framework/Versions/A/CoreSVG
0x00007fff62257000 	/System/Library/PrivateFrameworks/SkyLight.framework/Versions/A/SkyLight
0x00007fff33503000 	/System/Library/Frameworks/CoreGraphics.framework/Versions/A/CoreGraphics
0x00007fff2ed16000 	/System/Library/Frameworks/Accelerate.framework/Versions/A/Accelerate
0x00007fff6c45f000 	/usr/lib/libxml2.2.dylib
0x00007fff580b3000 	/System/Library/PrivateFrameworks/IconServices.framework/Versions/A/IconServices
0x00007fff35f17000 	/System/Library/Frameworks/IOSurface.framework/Versions/A/IOSurface
0x00007fff69b5c000 	/usr/lib/libDiagnosticMessagesClient.dylib
0x00007fff4cfb4000 	/System/Library/PrivateFrameworks/DFRFoundation.framework/Versions/A/DFRFoundation
0x00007fff6aefe000 	/usr/lib/libicucore.A.dylib
0x00007fff31483000 	/System/Library/Frameworks/AudioToolbox.framework/Versions/A/AudioToolbox
0x00007fff31566000 	/System/Library/Frameworks/AudioUnit.framework/Versions/A/AudioUnit
0x00007fff6a234000 	/usr/lib/libauto.dylib
0x00007fff4d056000 	/System/Library/PrivateFrameworks/DataDetectorsCore.framework/Versions/A/DataDetectorsCore
0x00007fff31d08000 	/System/Library/Frameworks/Carbon.framework/Versions/A/Frameworks/HIToolbox.framework/Versions/A/HIToolbox
0x00007fff3ebc1000 	/System/Library/Frameworks/QuartzCore.framework/Versions/A/QuartzCore
0x00007fff32047000 	/System/Library/Frameworks/Carbon.framework/Versions/A/Frameworks/SpeechRecognition.framework/Versions/A/SpeechRecognition
0x00007fff4cacb000 	/System/Library/PrivateFrameworks/CoreUI.framework/Versions/A/CoreUI
0x00007fff325d6000 	/System/Library/Frameworks/CoreAudio.framework/Versions/A/CoreAudio
0x00007fff353fd000 	/System/Library/Frameworks/DiskArbitration.framework/Versions/A/DiskArbitration
0x00007fff5a100000 	/System/Library/PrivateFrameworks/MultitouchSupport.framework/Versions/A/MultitouchSupport
0x00007fff6adc5000 	/usr/lib/libenergytrace.dylib
0x00007fff35e71000 	/System/Library/Frameworks/IOKit.framework/Versions/A/IOKit
0x00007fff3446a000 	/System/Library/Frameworks/CoreServices.framework/Versions/A/CoreServices
0x00007fff5c297000 	/System/Library/PrivateFrameworks/PerformanceAnalysis.framework/Versions/A/PerformanceAnalysis
0x00007fff3dbf4000 	/System/Library/Frameworks/OpenGL.framework/Versions/A/OpenGL
0x00007fff321f5000 	/System/Library/Frameworks/ColorSync.framework/Versions/A/ColorSync
0x00007fff33b85000 	/System/Library/Frameworks/CoreImage.framework/Versions/A/CoreImage
0x00007fff34edc000 	/System/Library/Frameworks/CoreText.framework/Versions/A/CoreText
0x00007fff35fa7000 	/System/Library/Frameworks/ImageIO.framework/Versions/A/ImageIO
0x00007fff6a318000 	/usr/lib/libc++.1.dylib
0x00007fff6a394000 	/usr/lib/libcompression.dylib
0x00007fff69ea0000 	/usr/lib/libMobileGestalt.dylib
0x00007fff63dcc000 	/System/Library/PrivateFrameworks/TextureIO.framework/Versions/A/TextureIO
0x00007fff6a197000 	/usr/lib/libate.dylib
0x00007fff582bc000 	/System/Library/PrivateFrameworks/InternationalSupport.framework/Versions/A/InternationalSupport
0x00007fff6ce2e000 	/usr/lib/system/libcache.dylib
0x00007fff6ce34000 	/usr/lib/system/libcommonCrypto.dylib
0x00007fff6ce40000 	/usr/lib/system/libcompiler_rt.dylib
0x00007fff6ce48000 	/usr/lib/system/libcopyfile.dylib
0x00007fff6ce52000 	/usr/lib/system/libcorecrypto.dylib
0x00007fff6cff1000 	/usr/lib/system/libdispatch.dylib
0x00007fff6d032000 	/usr/lib/system/libdyld.dylib
0x00007fff6d069000 	/usr/lib/system/libkeymgr.dylib
0x00007fff6d077000 	/usr/lib/system/liblaunch.dylib
0x00007fff6d078000 	/usr/lib/system/libmacho.dylib
0x00007fff6d07e000 	/usr/lib/system/libquarantine.dylib
0x00007fff6d081000 	/usr/lib/system/libremovefile.dylib
0x00007fff6d083000 	/usr/lib/system/libsystem_asl.dylib
0x00007fff6d09b000 	/usr/lib/system/libsystem_blocks.dylib
0x00007fff6d09c000 	/usr/lib/system/libsystem_c.dylib
0x00007fff6d124000 	/usr/lib/system/libsystem_configuration.dylib
0x00007fff6d128000 	/usr/lib/system/libsystem_coreservices.dylib
0x00007fff6d12c000 	/usr/lib/system/libsystem_darwin.dylib
0x00007fff6d135000 	/usr/lib/system/libsystem_dnssd.dylib
0x00007fff6d13d000 	/usr/lib/system/libsystem_featureflags.dylib
0x00007fff6d13f000 	/usr/lib/system/libsystem_info.dylib
0x00007fff6d1ba000 	/usr/lib/system/libsystem_m.dylib
0x00007fff6d202000 	/usr/lib/system/libsystem_malloc.dylib
0x00007fff6d22a000 	/usr/lib/system/libsystem_networkextension.dylib
0x00007fff6d238000 	/usr/lib/system/libsystem_notify.dylib
0x00007fff6d256000 	/usr/lib/system/libsystem_sandbox.dylib
0x00007fff6d25b000 	/usr/lib/system/libsystem_secinit.dylib
0x00007fff6d18d000 	/usr/lib/system/libsystem_kernel.dylib
0x00007fff6d242000 	/usr/lib/system/libsystem_platform.dylib
0x00007fff6d24b000 	/usr/lib/system/libsystem_pthread.dylib
0x00007fff6d25e000 	/usr/lib/system/libsystem_symptoms.dylib
0x00007fff6d266000 	/usr/lib/system/libsystem_trace.dylib
0x00007fff6d27e000 	/usr/lib/system/libunwind.dylib
0x00007fff6d284000 	/usr/lib/system/libxpc.dylib
0x00007fff6a36b000 	/usr/lib/libc++abi.dylib
0x00007fff6b171000 	/usr/lib/liblzma.5.dylib
0x00007fff6adec000 	/usr/lib/libfakelink.dylib
0x00007fff6a124000 	/usr/lib/libarchive.2.dylib
0x00007fff40a74000 	/System/Library/Frameworks/SystemConfiguration.framework/Versions/A/SystemConfiguration
0x00007fff69a8f000 	/usr/lib/libCRFSuite.dylib
0x00007fff318f9000 	/System/Library/Frameworks/CFNetwork.framework/Versions/A/CFNetwork
0x00007fff6a2fa000 	/usr/lib/libbsm.0.dylib
0x00007fff6d06a000 	/usr/lib/system/libkxld.dylib
0x00007fff46989000 	/System/Library/PrivateFrameworks/AppleFSCompression.framework/Versions/A/AppleFSCompression
0x00007fff6a685000 	/usr/lib/libcoretls.dylib
0x00007fff6a69c000 	/usr/lib/libcoretls_cfhelpers.dylib
0x00007fff6bed8000 	/usr/lib/libpam.2.dylib
0x00007fff6c00d000 	/usr/lib/libsqlite3.dylib
0x00007fff6c44c000 	/usr/lib/libxar.1.dylib
0x00007fff6a30b000 	/usr/lib/libbz2.1.0.dylib
0x00007fff6ae0d000 	/usr/lib/libiconv.2.dylib
0x00007fff6a381000 	/usr/lib/libcharset.1.dylib
0x00007fff6b977000 	/usr/lib/libnetwork.dylib
0x00007fff6bedf000 	/usr/lib/libpcap.A.dylib
0x00007fff6a0d9000 	/usr/lib/libapple_nghttp2.dylib
0x00007fff34821000 	/System/Library/Frameworks/CoreServices.framework/Versions/A/Frameworks/FSEvents.framework/Versions/A/FSEvents
0x00007fff344f1000 	/System/Library/Frameworks/CoreServices.framework/Versions/A/Frameworks/CarbonCore.framework/Versions/A/CarbonCore
0x00007fff34a64000 	/System/Library/Frameworks/CoreServices.framework/Versions/A/Frameworks/Metadata.framework/Versions/A/Metadata
0x00007fff34afd000 	/System/Library/Frameworks/CoreServices.framework/Versions/A/Frameworks/OSServices.framework/Versions/A/OSServices
0x00007fff34b2b000 	/System/Library/Frameworks/CoreServices.framework/Versions/A/Frameworks/SearchKit.framework/Versions/A/SearchKit
0x00007fff3446b000 	/System/Library/Frameworks/CoreServices.framework/Versions/A/Frameworks/AE.framework/Versions/A/AE
0x00007fff3482a000 	/System/Library/Frameworks/CoreServices.framework/Versions/A/Frameworks/LaunchServices.framework/Versions/A/LaunchServices
0x00007fff347d3000 	/System/Library/Frameworks/CoreServices.framework/Versions/A/Frameworks/DictionaryServices.framework/Versions/A/DictionaryServices
0x00007fff34b93000 	/System/Library/Frameworks/CoreServices.framework/Versions/A/Frameworks/SharedFileList.framework/Versions/A/SharedFileList
0x00007fff39a14000 	/System/Library/Frameworks/NetFS.framework/Versions/A/NetFS
0x00007fff5a62f000 	/System/Library/PrivateFrameworks/NetAuth.framework/Versions/A/NetAuth
0x00007fff66f74000 	/System/Library/PrivateFrameworks/login.framework/Versions/A/Frameworks/loginsupport.framework/Versions/A/loginsupport
0x00007fff63899000 	/System/Library/PrivateFrameworks/TCC.framework/Versions/A/TCC
0x00007fff4b566000 	/System/Library/PrivateFrameworks/CoreNLP.framework/Versions/A/CoreNLP
0x00007fff59b2e000 	/System/Library/PrivateFrameworks/MetadataUtilities.framework/Versions/A/MetadataUtilities
0x00007fff6b249000 	/usr/lib/libmecabra.dylib
0x00007fff6b1a1000 	/usr/lib/libmecab.dylib
0x00007fff6adfd000 	/usr/lib/libgermantok.dylib
0x00007fff6a0c0000 	/usr/lib/libThaiTokenizer.dylib
0x00007fff69ac6000 	/usr/lib/libChineseTokenizer.dylib
0x00007fff2ed2e000 	/System/Library/Frameworks/Accelerate.framework/Versions/A/Frameworks/vImage.framework/Versions/A/vImage
0x00007fff30198000 	/System/Library/Frameworks/Accelerate.framework/Versions/A/Frameworks/vecLib.framework/Versions/A/vecLib
0x00007fff300d5000 	/System/Library/Frameworks/Accelerate.framework/Versions/A/Frameworks/vecLib.framework/Versions/A/libvMisc.dylib
0x00007fff2fefd000 	/System/Library/Frameworks/Accelerate.framework/Versions/A/Frameworks/vecLib.framework/Versions/A/libvDSP.dylib
0x00007fff2f385000 	/System/Library/Frameworks/Accelerate.framework/Versions/A/Frameworks/vecLib.framework/Versions/A/libBLAS.dylib
0x00007fff2fac1000 	/System/Library/Frameworks/Accelerate.framework/Versions/A/Frameworks/vecLib.framework/Versions/A/libLAPACK.dylib
0x00007fff2fe5d000 	/System/Library/Frameworks/Accelerate.framework/Versions/A/Frameworks/vecLib.framework/Versions/A/libLinearAlgebra.dylib
0x00007fff2feea000 	/System/Library/Frameworks/Accelerate.framework/Versions/A/Frameworks/vecLib.framework/Versions/A/libSparseBLAS.dylib
0x00007fff2fe73000 	/System/Library/Frameworks/Accelerate.framework/Versions/A/Frameworks/vecLib.framework/Versions/A/libQuadrature.dylib
0x00007fff2f5ed000 	/System/Library/Frameworks/Accelerate.framework/Versions/A/Frameworks/vecLib.framework/Versions/A/libBNNS.dylib
0x00007fff2fe79000 	/System/Library/Frameworks/Accelerate.framework/Versions/A/Frameworks/vecLib.framework/Versions/A/libSparse.dylib
0x00007fff586a4000 	/System/Library/PrivateFrameworks/LanguageModeling.framework/Versions/A/LanguageModeling
0x00007fff4af16000 	/System/Library/PrivateFrameworks/CoreEmoji.framework/Versions/A/CoreEmoji
0x00007fff587c2000 	/System/Library/PrivateFrameworks/LinguisticData.framework/Versions/A/LinguisticData
0x00007fff58773000 	/System/Library/PrivateFrameworks/Lexicon.framework/Versions/A/Lexicon
0x00007fff6a382000 	/usr/lib/libcmph.dylib
0x00007fff3c602000 	/System/Library/Frameworks/OpenDirectory.framework/Versions/A/Frameworks/CFOpenDirectory.framework/Versions/A/CFOpenDirectory
0x00007fff3c61f000 	/System/Library/Frameworks/OpenDirectory.framework/Versions/A/OpenDirectory
0x00007fff44a3f000 	/System/Library/PrivateFrameworks/APFS.framework/Versions/A/APFS
0x00007fff3fd0e000 	/System/Library/Frameworks/SecurityFoundation.framework/Versions/A/SecurityFoundation
0x00007fff6c448000 	/usr/lib/libutil.dylib
0x00007fff4c44b000 	/System/Library/PrivateFrameworks/CoreServicesStore.framework/Versions/A/CoreServicesStore
0x00007fff3fdc5000 	/System/Library/Frameworks/ServiceManagement.framework/Versions/A/ServiceManagement
0x00007fff48157000 	/System/Library/PrivateFrameworks/BackgroundTaskManagement.framework/Versions/A/BackgroundTaskManagement
0x00007fff6c545000 	/usr/lib/libxslt.1.dylib
0x00007fff46ffb000 	/System/Library/PrivateFrameworks/AppleSystemInfo.framework/Versions/A/AppleSystemInfo
0x00007fff361c2000 	/System/Library/Frameworks/ImageIO.framework/Versions/A/Resources/libJPEG.dylib
0x00007fff3647e000 	/System/Library/Frameworks/ImageIO.framework/Versions/A/Resources/libTIFF.dylib
0x00007fff36461000 	/System/Library/Frameworks/ImageIO.framework/Versions/A/Resources/libPng.dylib
0x00007fff36104000 	/System/Library/Frameworks/ImageIO.framework/Versions/A/Resources/libGIF.dylib
0x00007fff36108000 	/System/Library/Frameworks/ImageIO.framework/Versions/A/Resources/libJP2.dylib
0x00007fff3647c000 	/System/Library/Frameworks/ImageIO.framework/Versions/A/Resources/libRadiance.dylib
0x00007fff6adc6000 	/usr/lib/libexpat.1.dylib
0x00007fff46ae4000 	/System/Library/PrivateFrameworks/AppleJPEG.framework/Versions/A/AppleJPEG
0x00007fff4f726000 	/System/Library/PrivateFrameworks/FontServices.framework/libFontParser.dylib
0x00007fff65f7a000 	/System/Library/PrivateFrameworks/WatchdogClient.framework/Versions/A/WatchdogClient
0x00007fff57d00000 	/System/Library/PrivateFrameworks/IOAccelerator.framework/Versions/A/IOAccelerator
0x00007fff3898c000 	/System/Library/Frameworks/MetalPerformanceShaders.framework/Versions/A/MetalPerformanceShaders
0x00007fff54499000 	/System/Library/PrivateFrameworks/GPUWrangler.framework/Versions/A/GPUWrangler
0x00007fff57d15000 	/System/Library/PrivateFrameworks/IOPresentment.framework/Versions/A/IOPresentment
0x00007fff4cfc7000 	/System/Library/PrivateFrameworks/DSExternalDisplay.framework/Versions/A/DSExternalDisplay
0x00007fff3cf93000 	/System/Library/Frameworks/OpenGL.framework/Versions/A/Libraries/libCoreFSCache.dylib
0x00007fff386d8000 	/System/Library/Frameworks/MetalPerformanceShaders.framework/Frameworks/MPSCore.framework/Versions/A/MPSCore
0x00007fff38716000 	/System/Library/Frameworks/MetalPerformanceShaders.framework/Frameworks/MPSImage.framework/Versions/A/MPSImage
0x00007fff387dd000 	/System/Library/Frameworks/MetalPerformanceShaders.framework/Frameworks/MPSNeuralNetwork.framework/Versions/A/MPSNeuralNetwork
0x00007fff387a1000 	/System/Library/Frameworks/MetalPerformanceShaders.framework/Frameworks/MPSMatrix.framework/Versions/A/MPSMatrix
0x00007fff3893c000 	/System/Library/Frameworks/MetalPerformanceShaders.framework/Frameworks/MPSRayIntersector.framework/Versions/A/MPSRayIntersector
0x00007fff387c7000 	/System/Library/Frameworks/MetalPerformanceShaders.framework/Frameworks/MPSNDArray.framework/Versions/A/MPSNDArray
0x00007fff59b7b000 	/System/Library/PrivateFrameworks/MetalTools.framework/Versions/A/MetalTools
0x00007fff45c11000 	/System/Library/PrivateFrameworks/AggregateDictionary.framework/Versions/A/AggregateDictionary
0x00007fff4a970000 	/System/Library/PrivateFrameworks/CoreAnalytics.framework/Versions/A/CoreAnalytics
0x00007fff46f1a000 	/System/Library/PrivateFrameworks/AppleSauce.framework/Versions/A/AppleSauce
0x00007fff69d82000 	/usr/lib/libIOReport.dylib
0x00007fff35094000 	/System/Library/Frameworks/CoreVideo.framework/Versions/A/CoreVideo
0x00007fff55913000 	/System/Library/PrivateFrameworks/GraphVisualizer.framework/Versions/A/GraphVisualizer
0x00007fff4ec7a000 	/System/Library/PrivateFrameworks/FaceCore.framework/Versions/A/FaceCore
0x00007fff3c5a9000 	/System/Library/Frameworks/OpenCL.framework/Versions/A/OpenCL
0x00007fff69ba4000 	/usr/lib/libFosl_dynamic.dylib
0x00007fff5b044000 	/System/Library/PrivateFrameworks/OTSVG.framework/Versions/A/OTSVG
0x00007fff31256000 	/System/Library/Frameworks/ApplicationServices.framework/Versions/A/Frameworks/ATS.framework/Versions/A/Resources/libFontRegistry.dylib
0x00007fff4f8f7000 	/System/Library/PrivateFrameworks/FontServices.framework/libhvf.dylib
0x00007fff3cf9e000 	/System/Library/Frameworks/OpenGL.framework/Versions/A/Libraries/libGFXShared.dylib
0x00007fff3d17c000 	/System/Library/Frameworks/OpenGL.framework/Versions/A/Libraries/libGLU.dylib
0x00007fff3cfa7000 	/System/Library/Frameworks/OpenGL.framework/Versions/A/Libraries/libGL.dylib
0x00007fff3cfb2000 	/System/Library/Frameworks/OpenGL.framework/Versions/A/Libraries/libGLImage.dylib
0x00007fff3cf90000 	/System/Library/Frameworks/OpenGL.framework/Versions/A/Libraries/libCVMSPluginSupport.dylib
0x00007fff3cf99000 	/System/Library/Frameworks/OpenGL.framework/Versions/A/Libraries/libCoreVMClient.dylib
0x00007fff6b818000 	/usr/lib/libncurses.5.4.dylib
0x00007fff31152000 	/System/Library/Frameworks/ApplicationServices.framework/Versions/A/Frameworks/ATS.framework/Versions/A/ATS
0x00007fff3131f000 	/System/Library/Frameworks/ApplicationServices.framework/Versions/A/Frameworks/ColorSyncLegacy.framework/Versions/A/ColorSyncLegacy
0x00007fff313bd000 	/System/Library/Frameworks/ApplicationServices.framework/Versions/A/Frameworks/HIServices.framework/Versions/A/HIServices
0x00007fff31415000 	/System/Library/Frameworks/ApplicationServices.framework/Versions/A/Frameworks/LangAnalysis.framework/Versions/A/LangAnalysis
0x00007fff31424000 	/System/Library/Frameworks/ApplicationServices.framework/Versions/A/Frameworks/PrintCore.framework/Versions/A/PrintCore
0x00007fff3146a000 	/System/Library/Frameworks/ApplicationServices.framework/Versions/A/Frameworks/QD.framework/Versions/A/QD
0x00007fff31475000 	/System/Library/Frameworks/ApplicationServices.framework/Versions/A/Frameworks/SpeechSynthesis.framework/Versions/A/SpeechSynthesis
0x00007fff312ef000 	/System/Library/Frameworks/ApplicationServices.framework/Versions/A/Frameworks/ATSUI.framework/Versions/A/ATSUI
0x00007fff6ac5a000 	/usr/lib/libcups.2.dylib
0x00007fff37a29000 	/System/Library/Frameworks/Kerberos.framework/Versions/A/Kerberos
0x00007fff35b6a000 	/System/Library/Frameworks/GSS.framework/Versions/A/GSS
0x00007fff6bf99000 	/usr/lib/libresolv.9.dylib
0x00007fff55ac1000 	/System/Library/PrivateFrameworks/Heimdal.framework/Versions/A/Heimdal
0x00007fff37a3c000 	/System/Library/Frameworks/Kerberos.framework/Versions/A/Libraries/libHeimdalProxy.dylib
0x00007fff6ae03000 	/usr/lib/libheimdal-asn1.dylib
0x00007fff49e09000 	/System/Library/PrivateFrameworks/CommonAuth.framework/Versions/A/CommonAuth
0x00007fff47098000 	/System/Library/PrivateFrameworks/AssertionServices.framework/Versions/A/AssertionServices
0x00007fff47c3a000 	/System/Library/PrivateFrameworks/AudioToolboxCore.framework/Versions/A/AudioToolboxCore
0x00007fff66c24000 	/System/Library/PrivateFrameworks/caulk.framework/Versions/A/caulk
0x00007fff48203000 	/System/Library/PrivateFrameworks/BaseBoard.framework/Versions/A/BaseBoard
0x00007fff5f28f000 	/System/Library/PrivateFrameworks/RunningBoardServices.framework/Versions/A/RunningBoardServices
0x00007fff5c2a3000 	/System/Library/PrivateFrameworks/PersistentConnection.framework/Versions/A/PersistentConnection
0x00007fff5ec89000 	/System/Library/PrivateFrameworks/ProtocolBuffer.framework/Versions/A/ProtocolBuffer
0x00007fff49e2d000 	/System/Library/PrivateFrameworks/CommonUtilities.framework/Versions/A/CommonUtilities
0x00007fff48391000 	/System/Library/PrivateFrameworks/Bom.framework/Versions/A/Bom
0x00007fff69a55000 	/usr/lib/libAudioToolboxUtility.dylib
0x00007fff48161000 	/System/Library/PrivateFrameworks/Backup.framework/Versions/A/Backup
0x00007fff4cee8000 	/System/Library/PrivateFrameworks/CrashReporterSupport.framework/Versions/A/CrashReporterSupport
0x00007fff60d1d000 	/System/Library/PrivateFrameworks/Sharing.framework/Versions/A/Sharing
0x00007fff466a7000 	/System/Library/PrivateFrameworks/Apple80211.framework/Versions/A/Apple80211
0x00007fff47e7e000 	/System/Library/PrivateFrameworks/AuthKit.framework/Versions/A/AuthKit
0x00007fff4cbf8000 	/System/Library/PrivateFrameworks/CoreUtils.framework/Versions/A/CoreUtils
0x00007fff350d9000 	/System/Library/Frameworks/CoreWLAN.framework/Versions/A/CoreWLAN
0x00007fff35cf7000 	/System/Library/Frameworks/IOBluetooth.framework/Versions/A/IOBluetooth
0x00007fff59e7f000 	/System/Library/PrivateFrameworks/MobileKeyBag.framework/Versions/A/MobileKeyBag
0x00007fff4b9fe000 	/System/Library/PrivateFrameworks/CorePhoneNumbers.framework/Versions/A/CorePhoneNumbers
0x00007fff46a97000 	/System/Library/PrivateFrameworks/AppleIDAuthSupport.framework/Versions/A/AppleIDAuthSupport
0x00007fff39a21000 	/System/Library/Frameworks/Network.framework/Versions/A/Network
0x00007fff58550000 	/System/Library/PrivateFrameworks/KeychainCircle.framework/Versions/A/KeychainCircle
0x00007fff32b32000 	/System/Library/Frameworks/CoreBluetooth.framework/Versions/A/CoreBluetooth
0x00007fff62d9a000 	/System/Library/PrivateFrameworks/SpeechRecognitionCore.framework/Versions/A/SpeechRecognitionCore
0x0000000108800000 	/Library/Java/JavaVirtualMachines/jdk-11.0.4.jdk/Contents/Home/lib/server/libjvm.dylib
0x0000000107ed5000 	/Library/Java/JavaVirtualMachines/jdk-11.0.4.jdk/Contents/Home/lib/libverify.dylib
0x0000000107ee1000 	/Library/Java/JavaVirtualMachines/jdk-11.0.4.jdk/Contents/Home/lib/libjava.dylib
0x0000000107f28000 	/Library/Java/JavaVirtualMachines/jdk-11.0.4.jdk/Contents/Home/lib/libjdwp.dylib
0x0000000107f60000 	/Library/Java/JavaVirtualMachines/jdk-11.0.4.jdk/Contents/Home/lib/libinstrument.dylib
0x0000000107ff8000 	/Library/Java/JavaVirtualMachines/jdk-11.0.4.jdk/Contents/Home/lib/libzip.dylib
0x000000010954b000 	/Library/Java/JavaVirtualMachines/jdk-11.0.4.jdk/Contents/Home/lib/libjimage.dylib
0x000000010d519000 	/Library/Java/JavaVirtualMachines/jdk-11.0.4.jdk/Contents/Home/lib/libdt_socket.dylib
0x000000010d51f000 	/Library/Java/JavaVirtualMachines/jdk-11.0.4.jdk/Contents/Home/lib/libnio.dylib
0x000000010d52d000 	/Library/Java/JavaVirtualMachines/jdk-11.0.4.jdk/Contents/Home/lib/libnet.dylib
0x000000010d5ca000 	/Library/Java/JavaVirtualMachines/jdk-11.0.4.jdk/Contents/Home/lib/libmanagement.dylib
0x000000010d7cf000 	/Library/Java/JavaVirtualMachines/jdk-11.0.4.jdk/Contents/Home/lib/libmanagement_ext.dylib
0x000000010d9d5000 	/Library/Java/JavaVirtualMachines/jdk-11.0.4.jdk/Contents/Home/lib/libextnet.dylib
0x000000010da4d000 	/Library/Java/JavaVirtualMachines/jdk-11.0.4.jdk/Contents/Home/lib/libsunec.dylib
0x00007fff6c3ed000 	/usr/lib/libusrtcp.dylib


VM Arguments:
jvm_args: -agentlib:jdwp=transport=dt_socket,address=127.0.0.1:59466,suspend=y,server=n -XX:TieredStopAtLevel=1 -Xverify:none -Dspring.output.ansi.enabled=always -Dcom.sun.management.jmxremote -Dspring.jmx.enabled=true -Dspring.liveBeansView.mbeanDomain -Dspring.application.admin.enabled=true -javaagent:/Users/macbook/Library/Caches/IntelliJIdea2019.3/captureAgent/debugger-agent.jar -Dfile.encoding=UTF-8 
java_command: com.exchange.crawler.ExchangeCrawlerApplication
java_class_path (initial): /Users/macbook/Documents/dev/exchange-crawler/target/classes:/Users/macbook/Library/Preferences/IntelliJIdea2019.3/javascript/extLibs/http_code.jquery.com_ui_1.9.1_jquery-ui.js:/Users/macbook/.m2/repository/org/springframework/boot/spring-boot-starter-data-mongodb/2.2.6.RELEASE/spring-boot-starter-data-mongodb-2.2.6.RELEASE.jar:/Users/macbook/.m2/repository/org/springframework/boot/spring-boot-starter/2.2.6.RELEASE/spring-boot-starter-2.2.6.RELEASE.jar:/Users/macbook/.m2/repository/org/springframework/boot/spring-boot-starter-logging/2.2.6.RELEASE/spring-boot-starter-logging-2.2.6.RELEASE.jar:/Users/macbook/.m2/repository/ch/qos/logback/logback-classic/1.2.3/logback-classic-1.2.3.jar:/Users/macbook/.m2/repository/ch/qos/logback/logback-core/1.2.3/logback-core-1.2.3.jar:/Users/macbook/.m2/repository/org/apache/logging/log4j/log4j-to-slf4j/2.12.1/log4j-to-slf4j-2.12.1.jar:/Users/macbook/.m2/repository/org/apache/logging/log4j/log4j-api/2.12.1/log4j-api-2.12.1.jar:/Users/macbook/.m2/repository/org/slf4j/jul-to-slf4j/1.7.30/jul-to-slf4j-1.7.30.jar:/Users/macbook/.m2/repository/jakarta/annotation/jakarta.annotation-api/1.3.5/jakarta.annotation-api-1.3.5.jar:/Users/macbook/.m2/repository/org/yaml/snakeyaml/1.25/snakeyaml-1.25.jar:/Users/macbook/.m2/repository/org/mongodb/mongodb-driver/3.11.2/mongodb-driver-3.11.2.jar:/Users/macbook/.m2/repository/org/mongodb/bson/3.11.2/bson-3.11.2.jar:/Users/macbook/.m2/repository/org/mongodb/mongodb-driver-core/3.11.2/mongodb-driver-core-3.11.2.jar:/Users/macbook/.m2/repository/org/springframework/data/spring-data-mongodb/2.2.6.RELEASE/spring-data-mongodb-2.2.6.RELEASE.jar:/Users/macbook/.m2/repository/org/springframework/spring-tx/5.2.5.RELEASE/spring-tx-5.2.5.RELEASE.jar:/Users/macbook/.m2/repository/org/springframework/spring-context/5.2.5.RELEASE/spring-context-5.2.5.RELEASE.jar:/Users/macbook/.m2/repository/org/springframework/spring-beans/5.2.5.RELEASE/spring-beans-5.2.5.RELEASE.jar:/Users/macbook/.m2
Launcher Type: SUN_STANDARD

[Global flags]
     bool BytecodeVerificationLocal                = false                                     {product} {command line}
     bool BytecodeVerificationRemote               = false                                     {product} {command line}
     intx CICompilerCount                          = 3                                         {product} {ergonomic}
     uint ConcGCThreads                            = 1                                         {product} {ergonomic}
     uint G1ConcRefinementThreads                  = 4                                         {product} {ergonomic}
   size_t G1HeapRegionSize                         = 1048576                                   {product} {ergonomic}
    uintx GCDrainStackTargetSize                   = 64                                        {product} {ergonomic}
   size_t InitialHeapSize                          = 134217728                                 {product} {ergonomic}
     bool ManagementServer                         = true                                      {product} {command line}
   size_t MarkStackSize                            = 4194304                                   {product} {ergonomic}
   size_t MaxHeapSize                              = 2147483648                                {product} {ergonomic}
   size_t MaxNewSize                               = 1287651328                                {product} {ergonomic}
   size_t MinHeapDeltaBytes                        = 1048576                                   {product} {ergonomic}
    uintx NonNMethodCodeHeapSize                   = 6973028                                {pd product} {ergonomic}
    uintx NonProfiledCodeHeapSize                  = 244685212                              {pd product} {ergonomic}
    uintx ProfiledCodeHeapSize                     = 0                                      {pd product} {ergonomic}
    uintx ReservedCodeCacheSize                    = 251658240                              {pd product} {ergonomic}
     bool SegmentedCodeCache                       = true                                      {product} {ergonomic}
     intx TieredStopAtLevel                        = 1                                         {product} {command line}
     bool UseCompressedClassPointers               = true                                 {lp64_product} {ergonomic}
     bool UseCompressedOops                        = true                                 {lp64_product} {ergonomic}
     bool UseG1GC                                  = true                                      {product} {ergonomic}

Logging:
Log output configuration:
 #0: stdout all=warning uptime,level,tags
 #1: stderr all=off uptime,level,tags

Environment Variables:
PATH=/usr/local/bin:/usr/bin:/bin:/usr/sbin:/sbin:/usr/local/Cellar/mongodb-community-shell/4.2.0/bin:/Applications/VMware Fusion.app/Contents/Public:/usr/local/share/dotnet:~/.dotnet/tools:/Library/Frameworks/Mono.framework/Versions/Current/Commands
SHELL=/bin/zsh

Signal Handlers:
SIGSEGV: [libjvm.dylib+0x7413f8], sa_mask[0]=11111111011111110111111111111111, sa_flags=SA_ONSTACK|SA_RESTART|SA_SIGINFO
SIGBUS: [libjvm.dylib+0x7413f8], sa_mask[0]=11111111011111110111111111111111, sa_flags=SA_RESTART|SA_SIGINFO
SIGFPE: [libjvm.dylib+0x7413f8], sa_mask[0]=11111111011111110111111111111111, sa_flags=SA_RESTART|SA_SIGINFO
SIGPIPE: [libjvm.dylib+0x5f409e], sa_mask[0]=11111111011111110111111111111111, sa_flags=SA_RESTART|SA_SIGINFO
SIGXFSZ: [libjvm.dylib+0x5f409e], sa_mask[0]=11111111011111110111111111111111, sa_flags=SA_RESTART|SA_SIGINFO
SIGILL: [libjvm.dylib+0x7413f8], sa_mask[0]=11111111011111110111111111111111, sa_flags=SA_RESTART|SA_SIGINFO
SIGUSR2: [libjvm.dylib+0x5f4683], sa_mask[0]=00100000000000000000000000000000, sa_flags=SA_RESTART|SA_SIGINFO
SIGHUP: [libjvm.dylib+0x5f30df], sa_mask[0]=11111111011111110111111111111111, sa_flags=SA_RESTART|SA_SIGINFO
SIGINT: [libjvm.dylib+0x5f30df], sa_mask[0]=11111111011111110111111111111111, sa_flags=SA_RESTART|SA_SIGINFO
SIGTERM: [libjvm.dylib+0x5f30df], sa_mask[0]=11111111011111110111111111111111, sa_flags=SA_RESTART|SA_SIGINFO
SIGQUIT: [libjvm.dylib+0x5f30df], sa_mask[0]=11111111011111110111111111111111, sa_flags=SA_RESTART|SA_SIGINFO


---------------  S Y S T E M  ---------------

OS:uname:Darwin 19.4.0 Darwin Kernel Version 19.4.0: Wed Mar  4 22:28:40 PST 2020; root:xnu-6153.101.6~15/RELEASE_X86_64 x86_64
rlimit: STACK 8192k, CORE 0k, NPROC 1392, NOFILE 10240, AS infinity, DATA infinity, FSIZE infinity
load average:5.81 4.26 4.34

CPU:total 4 (initial active 4) (2 cores per cpu, 2 threads per core) family 6 model 61 stepping 4, cmov, cx8, fxsr, mmx, sse, sse2, sse3, ssse3, sse4.1, sse4.2, popcnt, avx, avx2, aes, clmul, erms, 3dnowpref, lzcnt, ht, tsc, tscinvbit, bmi1, bmi2, adx, fma

Memory: 4k page, physical 8388608k(954508k free)

vm_info: Java HotSpot(TM) 64-Bit Server VM (11.0.4+10-LTS) for bsd-amd64 JRE (11.0.4+10-LTS), built on Jul  4 2019 15:49:59 by "mach5one" with gcc 4.2.1 Compatible Apple LLVM 9.1.0 (clang-902.0.39.2)

END.
